SF:lib\providers.dart
DA:23,0
DA:24,0
DA:25,0
DA:26,0
DA:31,0
DA:32,0
DA:33,0
DA:38,0
DA:39,0
DA:40,0
DA:41,0
DA:42,0
DA:43,0
DA:47,0
DA:48,0
DA:49,0
DA:50,0
DA:51,0
DA:55,0
DA:56,0
DA:57,0
DA:58,0
DA:59,0
DA:63,0
DA:64,0
DA:65,0
DA:69,0
DA:70,0
DA:71,0
DA:75,0
DA:76,0
DA:77,0
DA:78,0
DA:79,0
DA:83,0
DA:84,0
DA:85,0
DA:89,0
DA:90,0
DA:93,0
DA:94,0
DA:96,0
DA:97,0
DA:99,0
DA:100,0
DA:102,0
DA:109,0
DA:110,0
DA:111,0
DA:119,0
DA:122,0
DA:123,0
DA:124,0
DA:125,0
DA:126,0
DA:127,0
DA:129,0
DA:131,0
DA:139,0
DA:140,0
DA:141,0
DA:142,0
DA:146,0
DA:147,0
DA:148,0
DA:149,0
DA:153,0
DA:154,0
DA:155,0
DA:162,0
DA:163,0
DA:164,0
DA:165,0
DA:166,0
DA:167,0
DA:168,0
DA:169,0
DA:173,0
DA:174,0
DA:175,0
DA:181,0
DA:182,0
DA:183,0
DA:184,0
DA:188,0
DA:189,0
DA:190,0
DA:191,0
DA:195,0
DA:196,0
DA:197,0
DA:198,0
DA:202,0
DA:203,0
DA:204,0
DA:205,0
DA:209,0
DA:210,0
DA:211,0
DA:215,0
DA:216,0
DA:217,0
DA:221,0
DA:222,0
DA:223,0
DA:227,0
DA:228,0
DA:232,0
DA:233,0
DA:234,0
DA:235,0
DA:236,0
DA:237,0
DA:238,0
DA:239,0
DA:243,0
DA:246,0
DA:249,0
DA:250,0
DA:251,0
DA:252,0
DA:253,0
DA:257,0
DA:258,0
LF:124
LH:0
end_of_record
SF:lib\core\app_clock.dart
DA:12,0
DA:16,0
DA:17,0
DA:20,0
DA:23,0
DA:27,0
DA:28,0
DA:29,0
DA:30,0
DA:31,0
DA:36,0
DA:37,0
DA:38,0
DA:39,0
DA:40,0
DA:44,0
DA:45,0
DA:46,0
DA:51,0
DA:52,0
DA:53,0
DA:54,0
DA:56,0
DA:57,0
DA:63,0
DA:64,0
DA:65,0
DA:68,0
DA:69,0
DA:70,0
LF:30
LH:0
end_of_record
SF:lib\core\event_bus.dart
DA:14,0
DA:15,0
DA:16,0
DA:20,0
DA:21,0
DA:23,0
DA:24,0
DA:29,0
DA:30,0
DA:33,0
LF:10
LH:0
end_of_record
SF:lib\core\events.dart
DA:28,0
LF:1
LH:0
end_of_record
SF:lib\core\plugin.dart
DA:20,0
DA:43,0
DA:47,0
DA:48,0
DA:53,0
DA:56,0
DA:60,0
DA:65,0
DA:71,0
DA:77,0
DA:84,0
DA:97,0
DA:100,0
DA:107,0
DA:115,0
DA:142,0
DA:157,0
DA:168,0
DA:176,0
DA:178,0
DA:179,0
DA:180,0
DA:181,0
DA:194,0
DA:211,0
DA:228,0
DA:245,0
DA:263,0
DA:286,0
LF:29
LH:0
end_of_record
SF:lib\database\database.g.dart
DA:10,0
DA:109,0
DA:110,0
DA:111,0
DA:112,0
DA:113,0
DA:114,0
DA:115,0
DA:116,0
DA:117,0
DA:118,0
DA:119,0
DA:120,0
DA:121,0
DA:122,0
DA:123,0
DA:125,0
DA:126,0
DA:127,0
DA:130,0
DA:133,0
DA:134,0
DA:135,0
DA:136,0
DA:138,0
DA:139,0
DA:140,0
DA:142,0
DA:144,0
DA:145,0
DA:146,0
DA:148,0
DA:150,0
DA:151,0
DA:153,0
DA:154,0
DA:156,0
DA:157,0
DA:159,0
DA:160,0
DA:162,0
DA:163,0
DA:165,0
DA:166,0
DA:169,0
DA:170,0
DA:172,0
DA:173,0
DA:176,0
DA:177,0
DA:179,0
DA:180,0
DA:182,0
DA:183,0
DA:185,0
DA:186,0
DA:188,0
DA:189,0
DA:191,0
DA:192,0
DA:194,0
DA:195,0
DA:196,0
DA:198,0
DA:199,0
DA:200,0
DA:202,0
DA:203,0
DA:204,0
DA:209,0
DA:210,0
DA:211,0
DA:213,0
DA:214,0
DA:215,0
DA:216,0
DA:217,0
DA:218,0
DA:219,0
DA:220,0
DA:221,0
DA:222,0
DA:223,0
DA:224,0
DA:225,0
DA:227,0
DA:228,0
DA:230,0
DA:231,0
DA:233,0
DA:234,0
DA:235,0
DA:236,0
DA:237,0
DA:238,0
DA:239,0
DA:240,0
DA:241,0
DA:242,0
DA:243,0
DA:247,0
DA:249,0
DA:281,0
DA:295,0
DA:297,0
DA:298,0
DA:299,0
DA:300,0
DA:301,0
DA:302,0
DA:303,0
DA:304,0
DA:305,0
DA:306,0
DA:307,0
DA:308,0
DA:309,0
DA:311,0
DA:312,0
DA:314,0
DA:315,0
DA:316,0
DA:317,0
DA:322,0
DA:323,0
DA:324,0
DA:325,0
DA:326,0
DA:327,0
DA:328,0
DA:329,0
DA:330,0
DA:331,0
DA:332,0
DA:334,0
DA:335,0
DA:337,0
DA:338,0
DA:339,0
DA:340,0
DA:342,0
DA:346,0
DA:348,0
DA:349,0
DA:350,0
DA:351,0
DA:352,0
DA:353,0
DA:354,0
DA:356,0
DA:358,0
DA:360,0
DA:361,0
DA:362,0
DA:363,0
DA:364,0
DA:365,0
DA:368,0
DA:370,0
DA:371,0
DA:372,0
DA:373,0
DA:374,0
DA:375,0
DA:376,0
DA:378,0
DA:380,0
DA:381,0
DA:382,0
DA:383,0
DA:384,0
DA:385,0
DA:386,0
DA:390,0
DA:404,0
DA:405,0
DA:406,0
DA:407,0
DA:408,0
DA:409,0
DA:411,0
DA:413,0
DA:415,0
DA:416,0
DA:417,0
DA:418,0
DA:419,0
DA:420,0
DA:422,0
DA:423,0
DA:424,0
DA:425,0
DA:426,0
DA:427,0
DA:428,0
DA:429,0
DA:430,0
DA:431,0
DA:432,0
DA:433,0
DA:434,0
DA:435,0
DA:436,0
DA:437,0
DA:438,0
DA:439,0
DA:440,0
DA:441,0
DA:443,0
DA:445,0
DA:446,0
DA:447,0
DA:448,0
DA:452,0
DA:454,0
DA:455,0
DA:456,0
DA:457,0
DA:458,0
DA:459,0
DA:460,0
DA:461,0
DA:462,0
DA:463,0
DA:464,0
DA:465,0
DA:466,0
DA:467,0
DA:468,0
DA:469,0
DA:472,0
DA:473,0
DA:474,0
DA:475,0
DA:476,0
DA:477,0
DA:478,0
DA:479,0
DA:480,0
DA:481,0
DA:482,0
DA:483,0
DA:484,0
DA:485,0
DA:486,0
DA:487,0
DA:490,0
DA:491,0
DA:492,0
DA:493,0
DA:494,0
DA:495,0
DA:496,0
DA:497,0
DA:498,0
DA:499,0
DA:500,0
DA:501,0
DA:502,0
DA:503,0
DA:520,0
DA:535,0
DA:549,0
DA:550,0
DA:551,0
DA:566,0
DA:567,0
DA:568,0
DA:569,0
DA:570,0
DA:571,0
DA:573,0
DA:575,0
DA:577,0
DA:578,0
DA:579,0
DA:580,0
DA:581,0
DA:582,0
DA:586,0
DA:600,0
DA:601,0
DA:602,0
DA:603,0
DA:604,0
DA:605,0
DA:607,0
DA:609,0
DA:611,0
DA:612,0
DA:613,0
DA:614,0
DA:615,0
DA:616,0
DA:620,0
DA:622,0
DA:623,0
DA:624,0
DA:626,0
DA:627,0
DA:629,0
DA:630,0
DA:632,0
DA:633,0
DA:635,0
DA:636,0
DA:638,0
DA:639,0
DA:640,0
DA:642,0
DA:643,0
DA:644,0
DA:646,0
DA:647,0
DA:648,0
DA:650,0
DA:651,0
DA:653,0
DA:654,0
DA:656,0
DA:657,0
DA:659,0
DA:660,0
DA:662,0
DA:663,0
DA:668,0
DA:670,0
DA:671,0
DA:672,0
DA:673,0
DA:674,0
DA:675,0
DA:676,0
DA:677,0
DA:678,0
DA:679,0
DA:680,0
DA:681,0
DA:682,0
DA:683,0
DA:684,0
DA:685,0
DA:693,0
DA:764,0
DA:765,0
DA:766,0
DA:767,0
DA:768,0
DA:769,0
DA:770,0
DA:771,0
DA:772,0
DA:773,0
DA:774,0
DA:776,0
DA:777,0
DA:778,0
DA:781,0
DA:784,0
DA:785,0
DA:786,0
DA:787,0
DA:789,0
DA:790,0
DA:791,0
DA:793,0
DA:795,0
DA:796,0
DA:797,0
DA:799,0
DA:801,0
DA:802,0
DA:804,0
DA:805,0
DA:807,0
DA:809,0
DA:810,0
DA:812,0
DA:813,0
DA:815,0
DA:817,0
DA:818,0
DA:819,0
DA:821,0
DA:822,0
DA:823,0
DA:825,0
DA:826,0
DA:827,0
DA:829,0
DA:830,0
DA:831,0
DA:836,0
DA:837,0
DA:838,0
DA:840,0
DA:841,0
DA:842,0
DA:843,0
DA:844,0
DA:845,0
DA:846,0
DA:847,0
DA:848,0
DA:849,0
DA:850,0
DA:851,0
DA:852,0
DA:853,0
DA:854,0
DA:855,0
DA:856,0
DA:857,0
DA:858,0
DA:859,0
DA:863,0
DA:865,0
DA:879,0
DA:889,0
DA:891,0
DA:892,0
DA:893,0
DA:894,0
DA:895,0
DA:896,0
DA:897,0
DA:898,0
DA:899,0
DA:900,0
DA:901,0
DA:906,0
DA:907,0
DA:908,0
DA:909,0
DA:910,0
DA:911,0
DA:912,0
DA:913,0
DA:914,0
DA:915,0
DA:916,0
DA:918,0
DA:922,0
DA:924,0
DA:925,0
DA:926,0
DA:927,0
DA:928,0
DA:929,0
DA:930,0
DA:931,0
DA:932,0
DA:933,0
DA:934,0
DA:937,0
DA:939,0
DA:940,0
DA:941,0
DA:942,0
DA:943,0
DA:944,0
DA:945,0
DA:946,0
DA:947,0
DA:948,0
DA:949,0
DA:953,0
DA:963,0
DA:964,0
DA:965,0
DA:966,0
DA:967,0
DA:968,0
DA:969,0
DA:970,0
DA:971,0
DA:972,0
DA:974,0
DA:975,0
DA:976,0
DA:977,0
DA:978,0
DA:980,0
DA:981,0
DA:982,0
DA:983,0
DA:984,0
DA:985,0
DA:986,0
DA:987,0
DA:991,0
DA:993,0
DA:994,0
DA:995,0
DA:996,0
DA:997,0
DA:998,0
DA:999,0
DA:1000,0
DA:1001,0
DA:1002,0
DA:1003,0
DA:1004,0
DA:1007,0
DA:1008,0
DA:1009,0
DA:1010,0
DA:1013,0
DA:1014,0
DA:1015,0
DA:1016,0
DA:1017,0
DA:1018,0
DA:1019,0
DA:1020,0
DA:1021,0
DA:1022,0
DA:1035,0
DA:1046,0
DA:1056,0
DA:1057,0
DA:1058,0
DA:1059,0
DA:1060,0
DA:1071,0
DA:1072,0
DA:1073,0
DA:1074,0
DA:1075,0
DA:1076,0
DA:1077,0
DA:1078,0
DA:1079,0
DA:1080,0
DA:1084,0
DA:1094,0
DA:1095,0
DA:1096,0
DA:1097,0
DA:1098,0
DA:1099,0
DA:1100,0
DA:1101,0
DA:1102,0
DA:1103,0
DA:1107,0
DA:1109,0
DA:1110,0
DA:1111,0
DA:1113,0
DA:1114,0
DA:1116,0
DA:1117,0
DA:1119,0
DA:1120,0
DA:1122,0
DA:1123,0
DA:1125,0
DA:1126,0
DA:1128,0
DA:1129,0
DA:1131,0
DA:1132,0
DA:1134,0
DA:1135,0
DA:1140,0
DA:1142,0
DA:1143,0
DA:1144,0
DA:1145,0
DA:1146,0
DA:1147,0
DA:1148,0
DA:1149,0
DA:1150,0
DA:1151,0
DA:1152,0
DA:1153,0
DA:1161,0
DA:1222,0
DA:1223,0
DA:1224,0
DA:1225,0
DA:1226,0
DA:1227,0
DA:1228,0
DA:1229,0
DA:1230,0
DA:1231,0
DA:1233,0
DA:1234,0
DA:1235,0
DA:1238,0
DA:1241,0
DA:1242,0
DA:1243,0
DA:1244,0
DA:1246,0
DA:1247,0
DA:1248,0
DA:1250,0
DA:1252,0
DA:1253,0
DA:1254,0
DA:1256,0
DA:1258,0
DA:1259,0
DA:1260,0
DA:1262,0
DA:1263,0
DA:1265,0
DA:1266,0
DA:1268,0
DA:1269,0
DA:1270,0
DA:1272,0
DA:1273,0
DA:1274,0
DA:1276,0
DA:1277,0
DA:1278,0
DA:1283,0
DA:1284,0
DA:1285,0
DA:1287,0
DA:1288,0
DA:1289,0
DA:1290,0
DA:1291,0
DA:1292,0
DA:1293,0
DA:1294,0
DA:1295,0
DA:1296,0
DA:1297,0
DA:1298,0
DA:1299,0
DA:1300,0
DA:1301,0
DA:1302,0
DA:1303,0
DA:1304,0
DA:1308,0
DA:1310,0
DA:1327,0
DA:1336,0
DA:1338,0
DA:1339,0
DA:1340,0
DA:1341,0
DA:1342,0
DA:1343,0
DA:1344,0
DA:1346,0
DA:1347,0
DA:1348,0
DA:1349,0
DA:1354,0
DA:1355,0
DA:1356,0
DA:1357,0
DA:1358,0
DA:1359,0
DA:1360,0
DA:1362,0
DA:1363,0
DA:1364,0
DA:1365,0
DA:1367,0
DA:1371,0
DA:1373,0
DA:1374,0
DA:1375,0
DA:1376,0
DA:1377,0
DA:1378,0
DA:1379,0
DA:1380,0
DA:1381,0
DA:1382,0
DA:1385,0
DA:1387,0
DA:1388,0
DA:1389,0
DA:1390,0
DA:1391,0
DA:1392,0
DA:1393,0
DA:1394,0
DA:1395,0
DA:1396,0
DA:1400,0
DA:1409,0
DA:1410,0
DA:1411,0
DA:1412,0
DA:1413,0
DA:1415,0
DA:1416,0
DA:1417,0
DA:1418,0
DA:1420,0
DA:1421,0
DA:1422,0
DA:1423,0
DA:1424,0
DA:1425,0
DA:1426,0
DA:1427,0
DA:1428,0
DA:1429,0
DA:1430,0
DA:1431,0
DA:1435,0
DA:1437,0
DA:1438,0
DA:1439,0
DA:1440,0
DA:1441,0
DA:1442,0
DA:1443,0
DA:1444,0
DA:1445,0
DA:1446,0
DA:1447,0
DA:1450,0
DA:1451,0
DA:1452,0
DA:1453,0
DA:1456,0
DA:1457,0
DA:1458,0
DA:1459,0
DA:1460,0
DA:1461,0
DA:1462,0
DA:1463,0
DA:1464,0
DA:1476,0
DA:1486,0
DA:1495,0
DA:1496,0
DA:1497,0
DA:1507,0
DA:1508,0
DA:1509,0
DA:1510,0
DA:1511,0
DA:1512,0
DA:1513,0
DA:1514,0
DA:1515,0
DA:1519,0
DA:1528,0
DA:1529,0
DA:1530,0
DA:1531,0
DA:1532,0
DA:1533,0
DA:1534,0
DA:1535,0
DA:1536,0
DA:1540,0
DA:1542,0
DA:1543,0
DA:1544,0
DA:1546,0
DA:1547,0
DA:1549,0
DA:1550,0
DA:1552,0
DA:1553,0
DA:1555,0
DA:1556,0
DA:1558,0
DA:1559,0
DA:1561,0
DA:1562,0
DA:1564,0
DA:1565,0
DA:1570,0
DA:1572,0
DA:1573,0
DA:1574,0
DA:1575,0
DA:1576,0
DA:1577,0
DA:1578,0
DA:1579,0
DA:1580,0
DA:1581,0
DA:1582,0
DA:1591,0
DA:1654,0
DA:1656,0
DA:1657,0
DA:1658,0
DA:1659,0
DA:1662,0
DA:1665,0
DA:1666,0
DA:1667,0
DA:1668,0
DA:1670,0
DA:1671,0
DA:1672,0
DA:1674,0
DA:1676,0
DA:1677,0
DA:1678,0
DA:1680,0
DA:1682,0
DA:1683,0
DA:1684,0
DA:1686,0
DA:1688,0
DA:1689,0
DA:1690,0
DA:1692,0
DA:1693,0
DA:1694,0
DA:1696,0
DA:1697,0
DA:1698,0
DA:1700,0
DA:1701,0
DA:1702,0
DA:1707,0
DA:1708,0
DA:1709,0
DA:1711,0
DA:1712,0
DA:1713,0
DA:1714,0
DA:1715,0
DA:1716,0
DA:1717,0
DA:1718,0
DA:1719,0
DA:1720,0
DA:1721,0
DA:1722,0
DA:1723,0
DA:1724,0
DA:1725,0
DA:1726,0
DA:1727,0
DA:1728,0
DA:1732,0
DA:1734,0
DA:1747,0
DA:1756,0
DA:1758,0
DA:1759,0
DA:1760,0
DA:1761,0
DA:1762,0
DA:1763,0
DA:1764,0
DA:1765,0
DA:1766,0
DA:1767,0
DA:1772,0
DA:1773,0
DA:1774,0
DA:1775,0
DA:1776,0
DA:1777,0
DA:1778,0
DA:1779,0
DA:1780,0
DA:1781,0
DA:1783,0
DA:1787,0
DA:1789,0
DA:1790,0
DA:1791,0
DA:1792,0
DA:1793,0
DA:1794,0
DA:1795,0
DA:1796,0
DA:1797,0
DA:1798,0
DA:1801,0
DA:1803,0
DA:1804,0
DA:1805,0
DA:1806,0
DA:1807,0
DA:1808,0
DA:1809,0
DA:1810,0
DA:1811,0
DA:1812,0
DA:1816,0
DA:1825,0
DA:1826,0
DA:1827,0
DA:1828,0
DA:1829,0
DA:1830,0
DA:1831,0
DA:1832,0
DA:1833,0
DA:1835,0
DA:1836,0
DA:1837,0
DA:1838,0
DA:1839,0
DA:1840,0
DA:1841,0
DA:1842,0
DA:1843,0
DA:1844,0
DA:1848,0
DA:1850,0
DA:1851,0
DA:1852,0
DA:1853,0
DA:1854,0
DA:1855,0
DA:1856,0
DA:1857,0
DA:1858,0
DA:1859,0
DA:1860,0
DA:1863,0
DA:1864,0
DA:1865,0
DA:1866,0
DA:1869,0
DA:1870,0
DA:1871,0
DA:1872,0
DA:1873,0
DA:1874,0
DA:1875,0
DA:1876,0
DA:1877,0
DA:1889,0
DA:1899,0
DA:1908,0
DA:1909,0
DA:1910,0
DA:1911,0
DA:1921,0
DA:1922,0
DA:1923,0
DA:1924,0
DA:1925,0
DA:1926,0
DA:1927,0
DA:1928,0
DA:1929,0
DA:1933,0
DA:1942,0
DA:1943,0
DA:1944,0
DA:1945,0
DA:1946,0
DA:1947,0
DA:1948,0
DA:1949,0
DA:1950,0
DA:1954,0
DA:1956,0
DA:1957,0
DA:1958,0
DA:1960,0
DA:1961,0
DA:1963,0
DA:1964,0
DA:1966,0
DA:1967,0
DA:1969,0
DA:1970,0
DA:1972,0
DA:1973,0
DA:1975,0
DA:1976,0
DA:1978,0
DA:1979,0
DA:1984,0
DA:1986,0
DA:1987,0
DA:1988,0
DA:1989,0
DA:1990,0
DA:1991,0
DA:1992,0
DA:1993,0
DA:1994,0
DA:1995,0
DA:1996,0
DA:2004,0
DA:2143,0
DA:2144,0
DA:2145,0
DA:2146,0
DA:2147,0
DA:2148,0
DA:2149,0
DA:2150,0
DA:2151,0
DA:2152,0
DA:2153,0
DA:2154,0
DA:2155,0
DA:2156,0
DA:2157,0
DA:2158,0
DA:2159,0
DA:2160,0
DA:2161,0
DA:2162,0
DA:2164,0
DA:2165,0
DA:2166,0
DA:2169,0
DA:2172,0
DA:2173,0
DA:2174,0
DA:2175,0
DA:2177,0
DA:2178,0
DA:2179,0
DA:2181,0
DA:2183,0
DA:2184,0
DA:2185,0
DA:2187,0
DA:2189,0
DA:2190,0
DA:2192,0
DA:2193,0
DA:2195,0
DA:2196,0
DA:2197,0
DA:2199,0
DA:2201,0
DA:2202,0
DA:2203,0
DA:2205,0
DA:2206,0
DA:2208,0
DA:2209,0
DA:2211,0
DA:2212,0
DA:2213,0
DA:2215,0
DA:2217,0
DA:2218,0
DA:2219,0
DA:2221,0
DA:2222,0
DA:2223,0
DA:2225,0
DA:2226,0
DA:2228,0
DA:2229,0
DA:2231,0
DA:2232,0
DA:2234,0
DA:2235,0
DA:2237,0
DA:2238,0
DA:2240,0
DA:2241,0
DA:2243,0
DA:2244,0
DA:2245,0
DA:2247,0
DA:2248,0
DA:2249,0
DA:2251,0
DA:2252,0
DA:2253,0
DA:2255,0
DA:2256,0
DA:2257,0
DA:2259,0
DA:2260,0
DA:2261,0
DA:2266,0
DA:2267,0
DA:2268,0
DA:2270,0
DA:2271,0
DA:2272,0
DA:2273,0
DA:2274,0
DA:2275,0
DA:2276,0
DA:2277,0
DA:2278,0
DA:2279,0
DA:2280,0
DA:2281,0
DA:2282,0
DA:2283,0
DA:2284,0
DA:2285,0
DA:2286,0
DA:2287,0
DA:2288,0
DA:2289,0
DA:2290,0
DA:2291,0
DA:2292,0
DA:2293,0
DA:2294,0
DA:2295,0
DA:2296,0
DA:2297,0
DA:2298,0
DA:2299,0
DA:2300,0
DA:2301,0
DA:2302,0
DA:2303,0
DA:2304,0
DA:2305,0
DA:2306,0
DA:2307,0
DA:2311,0
DA:2313,0
DA:2360,0
DA:2379,0
DA:2381,0
DA:2382,0
DA:2383,0
DA:2384,0
DA:2385,0
DA:2386,0
DA:2388,0
DA:2389,0
DA:2390,0
DA:2392,0
DA:2393,0
DA:2395,0
DA:2396,0
DA:2397,0
DA:2398,0
DA:2399,0
DA:2401,0
DA:2402,0
DA:2404,0
DA:2405,0
DA:2407,0
DA:2408,0
DA:2409,0
DA:2411,0
DA:2412,0
DA:2413,0
DA:2414,0
DA:2419,0
DA:2420,0
DA:2421,0
DA:2422,0
DA:2423,0
DA:2424,0
DA:2426,0
DA:2427,0
DA:2429,0
DA:2430,0
DA:2432,0
DA:2433,0
DA:2434,0
DA:2435,0
DA:2436,0
DA:2438,0
DA:2439,0
DA:2441,0
DA:2442,0
DA:2444,0
DA:2445,0
DA:2447,0
DA:2448,0
DA:2449,0
DA:2450,0
DA:2452,0
DA:2456,0
DA:2458,0
DA:2459,0
DA:2460,0
DA:2461,0
DA:2462,0
DA:2463,0
DA:2464,0
DA:2465,0
DA:2466,0
DA:2467,0
DA:2468,0
DA:2469,0
DA:2470,0
DA:2471,0
DA:2472,0
DA:2473,0
DA:2474,0
DA:2475,0
DA:2476,0
DA:2477,0
DA:2480,0
DA:2482,0
DA:2483,0
DA:2484,0
DA:2485,0
DA:2486,0
DA:2487,0
DA:2488,0
DA:2489,0
DA:2490,0
DA:2491,0
DA:2492,0
DA:2493,0
DA:2494,0
DA:2495,0
DA:2496,0
DA:2497,0
DA:2498,0
DA:2499,0
DA:2500,0
DA:2501,0
DA:2505,0
DA:2524,0
DA:2525,0
DA:2526,0
DA:2527,0
DA:2528,0
DA:2529,0
DA:2530,0
DA:2531,0
DA:2532,0
DA:2533,0
DA:2534,0
DA:2535,0
DA:2536,0
DA:2537,0
DA:2538,0
DA:2539,0
DA:2540,0
DA:2541,0
DA:2542,0
DA:2543,0
DA:2544,0
DA:2545,0
DA:2546,0
DA:2547,0
DA:2548,0
DA:2550,0
DA:2551,0
DA:2552,0
DA:2553,0
DA:2554,0
DA:2556,0
DA:2557,0
DA:2558,0
DA:2560,0
DA:2561,0
DA:2562,0
DA:2563,0
DA:2564,0
DA:2565,0
DA:2566,0
DA:2567,0
DA:2568,0
DA:2569,0
DA:2570,0
DA:2571,0
DA:2572,0
DA:2573,0
DA:2574,0
DA:2575,0
DA:2576,0
DA:2577,0
DA:2581,0
DA:2583,0
DA:2584,0
DA:2585,0
DA:2586,0
DA:2587,0
DA:2588,0
DA:2589,0
DA:2590,0
DA:2591,0
DA:2592,0
DA:2593,0
DA:2594,0
DA:2595,0
DA:2596,0
DA:2597,0
DA:2598,0
DA:2599,0
DA:2600,0
DA:2601,0
DA:2602,0
DA:2603,0
DA:2606,0
DA:2607,0
DA:2608,0
DA:2609,0
DA:2610,0
DA:2611,0
DA:2612,0
DA:2613,0
DA:2614,0
DA:2615,0
DA:2616,0
DA:2617,0
DA:2618,0
DA:2619,0
DA:2620,0
DA:2621,0
DA:2622,0
DA:2623,0
DA:2624,0
DA:2625,0
DA:2626,0
DA:2629,0
DA:2630,0
DA:2631,0
DA:2632,0
DA:2633,0
DA:2634,0
DA:2635,0
DA:2636,0
DA:2637,0
DA:2638,0
DA:2639,0
DA:2640,0
DA:2641,0
DA:2642,0
DA:2643,0
DA:2644,0
DA:2645,0
DA:2646,0
DA:2647,0
DA:2669,0
DA:2689,0
DA:2708,0
DA:2709,0
DA:2710,0
DA:2711,0
DA:2712,0
DA:2732,0
DA:2733,0
DA:2734,0
DA:2735,0
DA:2736,0
DA:2737,0
DA:2738,0
DA:2739,0
DA:2740,0
DA:2741,0
DA:2742,0
DA:2743,0
DA:2744,0
DA:2745,0
DA:2746,0
DA:2747,0
DA:2748,0
DA:2749,0
DA:2750,0
DA:2754,0
DA:2773,0
DA:2774,0
DA:2775,0
DA:2776,0
DA:2777,0
DA:2778,0
DA:2779,0
DA:2780,0
DA:2781,0
DA:2782,0
DA:2783,0
DA:2784,0
DA:2785,0
DA:2786,0
DA:2787,0
DA:2788,0
DA:2789,0
DA:2790,0
DA:2791,0
DA:2795,0
DA:2797,0
DA:2798,0
DA:2799,0
DA:2801,0
DA:2802,0
DA:2804,0
DA:2805,0
DA:2807,0
DA:2808,0
DA:2810,0
DA:2811,0
DA:2813,0
DA:2814,0
DA:2816,0
DA:2817,0
DA:2819,0
DA:2820,0
DA:2822,0
DA:2823,0
DA:2825,0
DA:2826,0
DA:2828,0
DA:2829,0
DA:2831,0
DA:2832,0
DA:2834,0
DA:2835,0
DA:2837,0
DA:2838,0
DA:2840,0
DA:2841,0
DA:2843,0
DA:2844,0
DA:2846,0
DA:2847,0
DA:2849,0
DA:2850,0
DA:2855,0
DA:2857,0
DA:2858,0
DA:2859,0
DA:2860,0
DA:2861,0
DA:2862,0
DA:2863,0
DA:2864,0
DA:2865,0
DA:2866,0
DA:2867,0
DA:2868,0
DA:2869,0
DA:2870,0
DA:2871,0
DA:2872,0
DA:2873,0
DA:2874,0
DA:2875,0
DA:2876,0
DA:2877,0
DA:2885,0
DA:2964,0
DA:2965,0
DA:2966,0
DA:2967,0
DA:2968,0
DA:2969,0
DA:2970,0
DA:2971,0
DA:2972,0
DA:2973,0
DA:2974,0
DA:2975,0
DA:2977,0
DA:2978,0
DA:2979,0
DA:2982,0
DA:2985,0
DA:2986,0
DA:2987,0
DA:2988,0
DA:2990,0
DA:2991,0
DA:2992,0
DA:2994,0
DA:2996,0
DA:2997,0
DA:2998,0
DA:3000,0
DA:3002,0
DA:3003,0
DA:3004,0
DA:3006,0
DA:3008,0
DA:3009,0
DA:3011,0
DA:3012,0
DA:3014,0
DA:3016,0
DA:3017,0
DA:3019,0
DA:3020,0
DA:3022,0
DA:3023,0
DA:3024,0
DA:3026,0
DA:3027,0
DA:3028,0
DA:3030,0
DA:3031,0
DA:3032,0
DA:3034,0
DA:3035,0
DA:3036,0
DA:3041,0
DA:3042,0
DA:3043,0
DA:3045,0
DA:3046,0
DA:3047,0
DA:3048,0
DA:3049,0
DA:3050,0
DA:3051,0
DA:3052,0
DA:3053,0
DA:3054,0
DA:3055,0
DA:3056,0
DA:3057,0
DA:3058,0
DA:3059,0
DA:3060,0
DA:3061,0
DA:3062,0
DA:3063,0
DA:3064,0
DA:3065,0
DA:3066,0
DA:3070,0
DA:3072,0
DA:3099,0
DA:3110,0
DA:3112,0
DA:3113,0
DA:3114,0
DA:3115,0
DA:3116,0
DA:3117,0
DA:3118,0
DA:3119,0
DA:3121,0
DA:3122,0
DA:3123,0
DA:3125,0
DA:3126,0
DA:3130,0
DA:3131,0
DA:3132,0
DA:3133,0
DA:3134,0
DA:3135,0
DA:3136,0
DA:3137,0
DA:3139,0
DA:3140,0
DA:3142,0
DA:3143,0
DA:3144,0
DA:3148,0
DA:3150,0
DA:3151,0
DA:3152,0
DA:3153,0
DA:3154,0
DA:3155,0
DA:3156,0
DA:3157,0
DA:3158,0
DA:3159,0
DA:3160,0
DA:3161,0
DA:3164,0
DA:3166,0
DA:3167,0
DA:3168,0
DA:3169,0
DA:3170,0
DA:3171,0
DA:3172,0
DA:3173,0
DA:3174,0
DA:3175,0
DA:3176,0
DA:3177,0
DA:3181,0
DA:3192,0
DA:3193,0
DA:3194,0
DA:3195,0
DA:3196,0
DA:3197,0
DA:3198,0
DA:3199,0
DA:3200,0
DA:3201,0
DA:3202,0
DA:3204,0
DA:3205,0
DA:3206,0
DA:3207,0
DA:3208,0
DA:3209,0
DA:3211,0
DA:3213,0
DA:3214,0
DA:3215,0
DA:3216,0
DA:3217,0
DA:3221,0
DA:3223,0
DA:3224,0
DA:3225,0
DA:3226,0
DA:3227,0
DA:3228,0
DA:3229,0
DA:3230,0
DA:3231,0
DA:3232,0
DA:3233,0
DA:3234,0
DA:3235,0
DA:3238,0
DA:3239,0
DA:3240,0
DA:3241,0
DA:3244,0
DA:3245,0
DA:3246,0
DA:3247,0
DA:3248,0
DA:3249,0
DA:3250,0
DA:3251,0
DA:3252,0
DA:3253,0
DA:3254,0
DA:3268,0
DA:3280,0
DA:3291,0
DA:3292,0
DA:3293,0
DA:3294,0
DA:3295,0
DA:3307,0
DA:3308,0
DA:3309,0
DA:3310,0
DA:3311,0
DA:3312,0
DA:3313,0
DA:3314,0
DA:3315,0
DA:3316,0
DA:3317,0
DA:3321,0
DA:3332,0
DA:3333,0
DA:3334,0
DA:3335,0
DA:3336,0
DA:3337,0
DA:3338,0
DA:3339,0
DA:3340,0
DA:3341,0
DA:3342,0
DA:3346,0
DA:3348,0
DA:3349,0
DA:3350,0
DA:3352,0
DA:3353,0
DA:3355,0
DA:3356,0
DA:3358,0
DA:3359,0
DA:3361,0
DA:3362,0
DA:3364,0
DA:3365,0
DA:3367,0
DA:3368,0
DA:3370,0
DA:3371,0
DA:3373,0
DA:3374,0
DA:3376,0
DA:3377,0
DA:3382,0
DA:3384,0
DA:3385,0
DA:3386,0
DA:3387,0
DA:3388,0
DA:3389,0
DA:3390,0
DA:3391,0
DA:3392,0
DA:3393,0
DA:3394,0
DA:3395,0
DA:3396,0
DA:3404,0
DA:3506,0
DA:3507,0
DA:3508,0
DA:3509,0
DA:3510,0
DA:3511,0
DA:3512,0
DA:3513,0
DA:3514,0
DA:3515,0
DA:3516,0
DA:3517,0
DA:3518,0
DA:3519,0
DA:3520,0
DA:3521,0
DA:3523,0
DA:3524,0
DA:3525,0
DA:3528,0
DA:3531,0
DA:3532,0
DA:3533,0
DA:3534,0
DA:3536,0
DA:3537,0
DA:3538,0
DA:3540,0
DA:3542,0
DA:3543,0
DA:3544,0
DA:3546,0
DA:3548,0
DA:3549,0
DA:3550,0
DA:3552,0
DA:3553,0
DA:3555,0
DA:3556,0
DA:3558,0
DA:3559,0
DA:3560,0
DA:3562,0
DA:3563,0
DA:3564,0
DA:3566,0
DA:3568,0
DA:3569,0
DA:3570,0
DA:3572,0
DA:3573,0
DA:3574,0
DA:3576,0
DA:3577,0
DA:3579,0
DA:3580,0
DA:3582,0
DA:3583,0
DA:3585,0
DA:3586,0
DA:3588,0
DA:3589,0
DA:3590,0
DA:3592,0
DA:3593,0
DA:3594,0
DA:3596,0
DA:3597,0
DA:3598,0
DA:3603,0
DA:3604,0
DA:3605,0
DA:3607,0
DA:3608,0
DA:3609,0
DA:3610,0
DA:3611,0
DA:3612,0
DA:3613,0
DA:3614,0
DA:3615,0
DA:3616,0
DA:3617,0
DA:3618,0
DA:3619,0
DA:3620,0
DA:3621,0
DA:3622,0
DA:3623,0
DA:3624,0
DA:3625,0
DA:3626,0
DA:3627,0
DA:3628,0
DA:3629,0
DA:3630,0
DA:3631,0
DA:3632,0
DA:3633,0
DA:3634,0
DA:3635,0
DA:3636,0
DA:3640,0
DA:3642,0
DA:3681,0
DA:3696,0
DA:3698,0
DA:3699,0
DA:3700,0
DA:3701,0
DA:3702,0
DA:3703,0
DA:3705,0
DA:3706,0
DA:3708,0
DA:3709,0
DA:3710,0
DA:3711,0
DA:3713,0
DA:3714,0
DA:3715,0
DA:3717,0
DA:3718,0
DA:3720,0
DA:3721,0
DA:3723,0
DA:3724,0
DA:3728,0
DA:3729,0
DA:3730,0
DA:3731,0
DA:3732,0
DA:3734,0
DA:3735,0
DA:3737,0
DA:3738,0
DA:3739,0
DA:3740,0
DA:3742,0
DA:3743,0
DA:3744,0
DA:3746,0
DA:3747,0
DA:3749,0
DA:3750,0
DA:3752,0
DA:3753,0
DA:3754,0
DA:3758,0
DA:3760,0
DA:3761,0
DA:3762,0
DA:3763,0
DA:3764,0
DA:3765,0
DA:3766,0
DA:3767,0
DA:3768,0
DA:3769,0
DA:3770,0
DA:3771,0
DA:3772,0
DA:3773,0
DA:3774,0
DA:3775,0
DA:3778,0
DA:3780,0
DA:3781,0
DA:3782,0
DA:3783,0
DA:3784,0
DA:3785,0
DA:3786,0
DA:3787,0
DA:3788,0
DA:3789,0
DA:3790,0
DA:3791,0
DA:3792,0
DA:3793,0
DA:3794,0
DA:3795,0
DA:3799,0
DA:3814,0
DA:3815,0
DA:3816,0
DA:3817,0
DA:3818,0
DA:3820,0
DA:3821,0
DA:3822,0
DA:3823,0
DA:3824,0
DA:3825,0
DA:3826,0
DA:3827,0
DA:3828,0
DA:3829,0
DA:3831,0
DA:3832,0
DA:3833,0
DA:3834,0
DA:3835,0
DA:3836,0
DA:3837,0
DA:3838,0
DA:3839,0
DA:3840,0
DA:3841,0
DA:3842,0
DA:3843,0
DA:3845,0
DA:3847,0
DA:3848,0
DA:3849,0
DA:3850,0
DA:3854,0
DA:3856,0
DA:3857,0
DA:3858,0
DA:3859,0
DA:3860,0
DA:3861,0
DA:3862,0
DA:3863,0
DA:3864,0
DA:3865,0
DA:3866,0
DA:3867,0
DA:3868,0
DA:3869,0
DA:3870,0
DA:3871,0
DA:3872,0
DA:3875,0
DA:3876,0
DA:3877,0
DA:3878,0
DA:3879,0
DA:3880,0
DA:3881,0
DA:3882,0
DA:3883,0
DA:3884,0
DA:3885,0
DA:3886,0
DA:3887,0
DA:3888,0
DA:3889,0
DA:3890,0
DA:3891,0
DA:3894,0
DA:3895,0
DA:3896,0
DA:3897,0
DA:3898,0
DA:3899,0
DA:3900,0
DA:3901,0
DA:3902,0
DA:3903,0
DA:3904,0
DA:3905,0
DA:3906,0
DA:3907,0
DA:3908,0
DA:3926,0
DA:3942,0
DA:3957,0
DA:3958,0
DA:3959,0
DA:3960,0
DA:3976,0
DA:3977,0
DA:3978,0
DA:3979,0
DA:3980,0
DA:3981,0
DA:3982,0
DA:3983,0
DA:3984,0
DA:3985,0
DA:3986,0
DA:3987,0
DA:3988,0
DA:3989,0
DA:3990,0
DA:3994,0
DA:4009,0
DA:4010,0
DA:4011,0
DA:4012,0
DA:4013,0
DA:4014,0
DA:4015,0
DA:4016,0
DA:4017,0
DA:4018,0
DA:4019,0
DA:4020,0
DA:4021,0
DA:4022,0
DA:4023,0
DA:4027,0
DA:4029,0
DA:4030,0
DA:4031,0
DA:4033,0
DA:4034,0
DA:4036,0
DA:4037,0
DA:4039,0
DA:4040,0
DA:4042,0
DA:4043,0
DA:4045,0
DA:4046,0
DA:4048,0
DA:4049,0
DA:4051,0
DA:4052,0
DA:4054,0
DA:4055,0
DA:4057,0
DA:4058,0
DA:4060,0
DA:4061,0
DA:4063,0
DA:4064,0
DA:4066,0
DA:4067,0
DA:4069,0
DA:4070,0
DA:4075,0
DA:4077,0
DA:4078,0
DA:4079,0
DA:4080,0
DA:4081,0
DA:4082,0
DA:4083,0
DA:4084,0
DA:4085,0
DA:4086,0
DA:4087,0
DA:4088,0
DA:4089,0
DA:4090,0
DA:4091,0
DA:4092,0
DA:4093,0
DA:4102,0
DA:4192,0
DA:4193,0
DA:4194,0
DA:4195,0
DA:4196,0
DA:4197,0
DA:4198,0
DA:4199,0
DA:4200,0
DA:4201,0
DA:4202,0
DA:4203,0
DA:4204,0
DA:4206,0
DA:4207,0
DA:4208,0
DA:4211,0
DA:4214,0
DA:4215,0
DA:4216,0
DA:4217,0
DA:4219,0
DA:4220,0
DA:4221,0
DA:4223,0
DA:4225,0
DA:4226,0
DA:4227,0
DA:4229,0
DA:4231,0
DA:4232,0
DA:4233,0
DA:4235,0
DA:4237,0
DA:4238,0
DA:4240,0
DA:4241,0
DA:4243,0
DA:4245,0
DA:4246,0
DA:4247,0
DA:4249,0
DA:4251,0
DA:4252,0
DA:4253,0
DA:4255,0
DA:4256,0
DA:4258,0
DA:4259,0
DA:4261,0
DA:4262,0
DA:4263,0
DA:4265,0
DA:4266,0
DA:4267,0
DA:4269,0
DA:4270,0
DA:4272,0
DA:4273,0
DA:4278,0
DA:4279,0
DA:4280,0
DA:4282,0
DA:4283,0
DA:4284,0
DA:4285,0
DA:4286,0
DA:4287,0
DA:4288,0
DA:4289,0
DA:4290,0
DA:4291,0
DA:4292,0
DA:4293,0
DA:4294,0
DA:4295,0
DA:4296,0
DA:4297,0
DA:4298,0
DA:4299,0
DA:4300,0
DA:4301,0
DA:4302,0
DA:4303,0
DA:4304,0
DA:4305,0
DA:4309,0
DA:4311,0
DA:4339,0
DA:4351,0
DA:4353,0
DA:4354,0
DA:4355,0
DA:4356,0
DA:4357,0
DA:4358,0
DA:4359,0
DA:4360,0
DA:4361,0
DA:4362,0
DA:4363,0
DA:4364,0
DA:4365,0
DA:4370,0
DA:4371,0
DA:4372,0
DA:4373,0
DA:4374,0
DA:4375,0
DA:4376,0
DA:4377,0
DA:4378,0
DA:4379,0
DA:4380,0
DA:4381,0
DA:4382,0
DA:4384,0
DA:4388,0
DA:4390,0
DA:4391,0
DA:4392,0
DA:4393,0
DA:4394,0
DA:4395,0
DA:4396,0
DA:4397,0
DA:4398,0
DA:4399,0
DA:4400,0
DA:4401,0
DA:4402,0
DA:4405,0
DA:4407,0
DA:4408,0
DA:4409,0
DA:4410,0
DA:4411,0
DA:4412,0
DA:4413,0
DA:4414,0
DA:4415,0
DA:4416,0
DA:4417,0
DA:4418,0
DA:4419,0
DA:4423,0
DA:4435,0
DA:4436,0
DA:4437,0
DA:4438,0
DA:4439,0
DA:4440,0
DA:4441,0
DA:4442,0
DA:4443,0
DA:4444,0
DA:4445,0
DA:4446,0
DA:4448,0
DA:4449,0
DA:4450,0
DA:4451,0
DA:4452,0
DA:4453,0
DA:4455,0
DA:4456,0
DA:4457,0
DA:4459,0
DA:4460,0
DA:4461,0
DA:4463,0
DA:4467,0
DA:4469,0
DA:4470,0
DA:4471,0
DA:4472,0
DA:4473,0
DA:4474,0
DA:4475,0
DA:4476,0
DA:4477,0
DA:4478,0
DA:4479,0
DA:4480,0
DA:4481,0
DA:4482,0
DA:4485,0
DA:4486,0
DA:4487,0
DA:4488,0
DA:4491,0
DA:4492,0
DA:4493,0
DA:4494,0
DA:4495,0
DA:4496,0
DA:4497,0
DA:4498,0
DA:4499,0
DA:4500,0
DA:4501,0
DA:4502,0
DA:4517,0
DA:4530,0
DA:4542,0
DA:4543,0
DA:4544,0
DA:4545,0
DA:4546,0
DA:4547,0
DA:4560,0
DA:4561,0
DA:4562,0
DA:4563,0
DA:4564,0
DA:4565,0
DA:4566,0
DA:4567,0
DA:4568,0
DA:4569,0
DA:4570,0
DA:4571,0
DA:4575,0
DA:4587,0
DA:4588,0
DA:4589,0
DA:4590,0
DA:4591,0
DA:4592,0
DA:4593,0
DA:4594,0
DA:4595,0
DA:4596,0
DA:4597,0
DA:4598,0
DA:4602,0
DA:4604,0
DA:4605,0
DA:4606,0
DA:4608,0
DA:4609,0
DA:4611,0
DA:4612,0
DA:4614,0
DA:4615,0
DA:4617,0
DA:4618,0
DA:4620,0
DA:4621,0
DA:4623,0
DA:4624,0
DA:4626,0
DA:4627,0
DA:4629,0
DA:4630,0
DA:4632,0
DA:4633,0
DA:4635,0
DA:4636,0
DA:4641,0
DA:4643,0
DA:4644,0
DA:4645,0
DA:4646,0
DA:4647,0
DA:4648,0
DA:4649,0
DA:4650,0
DA:4651,0
DA:4652,0
DA:4653,0
DA:4654,0
DA:4655,0
DA:4656,0
DA:4665,0
DA:4742,0
DA:4743,0
DA:4744,0
DA:4745,0
DA:4746,0
DA:4747,0
DA:4748,0
DA:4749,0
DA:4750,0
DA:4751,0
DA:4752,0
DA:4753,0
DA:4754,0
DA:4756,0
DA:4757,0
DA:4758,0
DA:4761,0
DA:4764,0
DA:4765,0
DA:4766,0
DA:4767,0
DA:4769,0
DA:4770,0
DA:4771,0
DA:4773,0
DA:4775,0
DA:4776,0
DA:4777,0
DA:4779,0
DA:4781,0
DA:4782,0
DA:4783,0
DA:4785,0
DA:4787,0
DA:4788,0
DA:4789,0
DA:4791,0
DA:4793,0
DA:4794,0
DA:4796,0
DA:4797,0
DA:4799,0
DA:4801,0
DA:4802,0
DA:4804,0
DA:4805,0
DA:4807,0
DA:4809,0
DA:4810,0
DA:4811,0
DA:4813,0
DA:4815,0
DA:4816,0
DA:4817,0
DA:4819,0
DA:4821,0
DA:4822,0
DA:4823,0
DA:4825,0
DA:4826,0
DA:4828,0
DA:4829,0
DA:4834,0
DA:4835,0
DA:4836,0
DA:4838,0
DA:4839,0
DA:4840,0
DA:4841,0
DA:4842,0
DA:4843,0
DA:4844,0
DA:4845,0
DA:4846,0
DA:4847,0
DA:4848,0
DA:4849,0
DA:4850,0
DA:4851,0
DA:4852,0
DA:4853,0
DA:4854,0
DA:4855,0
DA:4856,0
DA:4857,0
DA:4858,0
DA:4859,0
DA:4860,0
DA:4861,0
DA:4865,0
DA:4867,0
DA:4883,0
DA:4895,0
DA:4897,0
DA:4898,0
DA:4899,0
DA:4900,0
DA:4901,0
DA:4902,0
DA:4903,0
DA:4904,0
DA:4905,0
DA:4906,0
DA:4907,0
DA:4908,0
DA:4912,0
DA:4913,0
DA:4914,0
DA:4915,0
DA:4916,0
DA:4917,0
DA:4918,0
DA:4919,0
DA:4920,0
DA:4921,0
DA:4922,0
DA:4923,0
DA:4924,0
DA:4928,0
DA:4930,0
DA:4931,0
DA:4932,0
DA:4933,0
DA:4934,0
DA:4935,0
DA:4936,0
DA:4937,0
DA:4938,0
DA:4939,0
DA:4940,0
DA:4941,0
DA:4942,0
DA:4945,0
DA:4947,0
DA:4948,0
DA:4949,0
DA:4950,0
DA:4951,0
DA:4952,0
DA:4953,0
DA:4954,0
DA:4955,0
DA:4956,0
DA:4957,0
DA:4958,0
DA:4959,0
DA:4963,0
DA:4975,0
DA:4976,0
DA:4977,0
DA:4978,0
DA:4979,0
DA:4980,0
DA:4981,0
DA:4982,0
DA:4983,0
DA:4984,0
DA:4985,0
DA:4986,0
DA:4988,0
DA:4989,0
DA:4990,0
DA:4991,0
DA:4992,0
DA:4993,0
DA:4994,0
DA:4996,0
DA:4998,0
DA:4999,0
DA:5000,0
DA:5001,0
DA:5003,0
DA:5007,0
DA:5009,0
DA:5010,0
DA:5011,0
DA:5012,0
DA:5013,0
DA:5014,0
DA:5015,0
DA:5016,0
DA:5017,0
DA:5018,0
DA:5019,0
DA:5020,0
DA:5021,0
DA:5022,0
DA:5025,0
DA:5026,0
DA:5027,0
DA:5028,0
DA:5031,0
DA:5032,0
DA:5033,0
DA:5034,0
DA:5035,0
DA:5036,0
DA:5037,0
DA:5038,0
DA:5039,0
DA:5040,0
DA:5041,0
DA:5042,0
DA:5057,0
DA:5070,0
DA:5082,0
DA:5083,0
DA:5084,0
DA:5085,0
DA:5086,0
DA:5087,0
DA:5088,0
DA:5089,0
DA:5090,0
DA:5103,0
DA:5104,0
DA:5105,0
DA:5106,0
DA:5107,0
DA:5108,0
DA:5109,0
DA:5110,0
DA:5111,0
DA:5112,0
DA:5113,0
DA:5114,0
DA:5118,0
DA:5130,0
DA:5131,0
DA:5132,0
DA:5133,0
DA:5134,0
DA:5135,0
DA:5136,0
DA:5137,0
DA:5138,0
DA:5139,0
DA:5140,0
DA:5141,0
DA:5145,0
DA:5147,0
DA:5148,0
DA:5149,0
DA:5151,0
DA:5152,0
DA:5154,0
DA:5155,0
DA:5157,0
DA:5158,0
DA:5160,0
DA:5161,0
DA:5163,0
DA:5164,0
DA:5166,0
DA:5167,0
DA:5169,0
DA:5170,0
DA:5172,0
DA:5173,0
DA:5175,0
DA:5176,0
DA:5178,0
DA:5179,0
DA:5184,0
DA:5186,0
DA:5187,0
DA:5188,0
DA:5189,0
DA:5190,0
DA:5191,0
DA:5192,0
DA:5193,0
DA:5194,0
DA:5195,0
DA:5196,0
DA:5197,0
DA:5198,0
DA:5199,0
DA:5208,0
DA:5305,0
DA:5306,0
DA:5307,0
DA:5308,0
DA:5309,0
DA:5310,0
DA:5311,0
DA:5312,0
DA:5313,0
DA:5314,0
DA:5315,0
DA:5316,0
DA:5317,0
DA:5318,0
DA:5320,0
DA:5321,0
DA:5322,0
DA:5325,0
DA:5328,0
DA:5329,0
DA:5330,0
DA:5331,0
DA:5333,0
DA:5334,0
DA:5335,0
DA:5337,0
DA:5339,0
DA:5340,0
DA:5341,0
DA:5343,0
DA:5345,0
DA:5346,0
DA:5347,0
DA:5349,0
DA:5350,0
DA:5352,0
DA:5353,0
DA:5355,0
DA:5356,0
DA:5358,0
DA:5359,0
DA:5361,0
DA:5362,0
DA:5364,0
DA:5365,0
DA:5367,0
DA:5368,0
DA:5370,0
DA:5371,0
DA:5373,0
DA:5374,0
DA:5376,0
DA:5377,0
DA:5379,0
DA:5380,0
DA:5381,0
DA:5383,0
DA:5384,0
DA:5385,0
DA:5387,0
DA:5388,0
DA:5389,0
DA:5394,0
DA:5395,0
DA:5396,0
DA:5398,0
DA:5399,0
DA:5400,0
DA:5401,0
DA:5402,0
DA:5403,0
DA:5404,0
DA:5405,0
DA:5406,0
DA:5407,0
DA:5408,0
DA:5409,0
DA:5410,0
DA:5411,0
DA:5412,0
DA:5413,0
DA:5414,0
DA:5415,0
DA:5416,0
DA:5417,0
DA:5418,0
DA:5419,0
DA:5420,0
DA:5421,0
DA:5422,0
DA:5423,0
DA:5427,0
DA:5429,0
DA:5462,0
DA:5475,0
DA:5477,0
DA:5478,0
DA:5479,0
DA:5480,0
DA:5481,0
DA:5482,0
DA:5484,0
DA:5485,0
DA:5487,0
DA:5488,0
DA:5489,0
DA:5490,0
DA:5492,0
DA:5493,0
DA:5495,0
DA:5496,0
DA:5498,0
DA:5499,0
DA:5503,0
DA:5504,0
DA:5505,0
DA:5506,0
DA:5507,0
DA:5508,0
DA:5510,0
DA:5511,0
DA:5513,0
DA:5514,0
DA:5515,0
DA:5516,0
DA:5518,0
DA:5519,0
DA:5521,0
DA:5523,0
DA:5524,0
DA:5525,0
DA:5529,0
DA:5531,0
DA:5532,0
DA:5533,0
DA:5534,0
DA:5535,0
DA:5536,0
DA:5537,0
DA:5538,0
DA:5539,0
DA:5541,0
DA:5542,0
DA:5543,0
DA:5544,0
DA:5545,0
DA:5548,0
DA:5550,0
DA:5551,0
DA:5552,0
DA:5553,0
DA:5554,0
DA:5555,0
DA:5556,0
DA:5557,0
DA:5558,0
DA:5559,0
DA:5560,0
DA:5561,0
DA:5562,0
DA:5563,0
DA:5567,0
DA:5580,0
DA:5581,0
DA:5582,0
DA:5583,0
DA:5584,0
DA:5585,0
DA:5586,0
DA:5587,0
DA:5588,0
DA:5589,0
DA:5590,0
DA:5591,0
DA:5592,0
DA:5593,0
DA:5594,0
DA:5595,0
DA:5596,0
DA:5597,0
DA:5598,0
DA:5600,0
DA:5601,0
DA:5602,0
DA:5603,0
DA:5604,0
DA:5605,0
DA:5606,0
DA:5607,0
DA:5608,0
DA:5609,0
DA:5610,0
DA:5611,0
DA:5612,0
DA:5613,0
DA:5614,0
DA:5615,0
DA:5616,0
DA:5617,0
DA:5618,0
DA:5619,0
DA:5620,0
DA:5621,0
DA:5622,0
DA:5623,0
DA:5627,0
DA:5629,0
DA:5630,0
DA:5631,0
DA:5632,0
DA:5633,0
DA:5634,0
DA:5635,0
DA:5636,0
DA:5637,0
DA:5638,0
DA:5639,0
DA:5640,0
DA:5641,0
DA:5642,0
DA:5643,0
DA:5646,0
DA:5647,0
DA:5648,0
DA:5649,0
DA:5650,0
DA:5651,0
DA:5652,0
DA:5653,0
DA:5654,0
DA:5655,0
DA:5656,0
DA:5657,0
DA:5658,0
DA:5659,0
DA:5660,0
DA:5663,0
DA:5664,0
DA:5665,0
DA:5666,0
DA:5667,0
DA:5668,0
DA:5669,0
DA:5670,0
DA:5671,0
DA:5672,0
DA:5673,0
DA:5674,0
DA:5675,0
DA:5691,0
DA:5705,0
DA:5718,0
DA:5719,0
DA:5720,0
DA:5734,0
DA:5735,0
DA:5736,0
DA:5737,0
DA:5738,0
DA:5739,0
DA:5740,0
DA:5741,0
DA:5743,0
DA:5744,0
DA:5745,0
DA:5746,0
DA:5747,0
DA:5751,0
DA:5764,0
DA:5765,0
DA:5766,0
DA:5767,0
DA:5768,0
DA:5769,0
DA:5770,0
DA:5771,0
DA:5772,0
DA:5773,0
DA:5774,0
DA:5775,0
DA:5776,0
DA:5780,0
DA:5782,0
DA:5783,0
DA:5784,0
DA:5786,0
DA:5787,0
DA:5789,0
DA:5790,0
DA:5792,0
DA:5793,0
DA:5795,0
DA:5796,0
DA:5798,0
DA:5799,0
DA:5801,0
DA:5802,0
DA:5804,0
DA:5805,0
DA:5807,0
DA:5808,0
DA:5810,0
DA:5811,0
DA:5813,0
DA:5814,0
DA:5816,0
DA:5817,0
DA:5822,0
DA:5824,0
DA:5825,0
DA:5826,0
DA:5827,0
DA:5828,0
DA:5829,0
DA:5830,0
DA:5831,0
DA:5832,0
DA:5833,0
DA:5834,0
DA:5835,0
DA:5836,0
DA:5837,0
DA:5838,0
DA:5847,0
DA:5904,0
DA:5906,0
DA:5907,0
DA:5908,0
DA:5909,0
DA:5912,0
DA:5915,0
DA:5916,0
DA:5917,0
DA:5918,0
DA:5920,0
DA:5921,0
DA:5922,0
DA:5924,0
DA:5926,0
DA:5927,0
DA:5929,0
DA:5930,0
DA:5932,0
DA:5934,0
DA:5935,0
DA:5936,0
DA:5938,0
DA:5939,0
DA:5940,0
DA:5942,0
DA:5943,0
DA:5944,0
DA:5946,0
DA:5947,0
DA:5948,0
DA:5953,0
DA:5954,0
DA:5955,0
DA:5957,0
DA:5958,0
DA:5959,0
DA:5960,0
DA:5961,0
DA:5962,0
DA:5963,0
DA:5964,0
DA:5965,0
DA:5966,0
DA:5967,0
DA:5968,0
DA:5969,0
DA:5970,0
DA:5971,0
DA:5972,0
DA:5976,0
DA:5978,0
DA:6000,0
DA:6008,0
DA:6010,0
DA:6011,0
DA:6012,0
DA:6013,0
DA:6014,0
DA:6015,0
DA:6016,0
DA:6017,0
DA:6019,0
DA:6023,0
DA:6024,0
DA:6025,0
DA:6026,0
DA:6027,0
DA:6028,0
DA:6029,0
DA:6031,0
DA:6032,0
DA:6036,0
DA:6038,0
DA:6039,0
DA:6040,0
DA:6041,0
DA:6042,0
DA:6043,0
DA:6044,0
DA:6045,0
DA:6046,0
DA:6049,0
DA:6051,0
DA:6052,0
DA:6053,0
DA:6054,0
DA:6055,0
DA:6056,0
DA:6057,0
DA:6058,0
DA:6059,0
DA:6063,0
DA:6071,0
DA:6072,0
DA:6073,0
DA:6074,0
DA:6075,0
DA:6076,0
DA:6077,0
DA:6078,0
DA:6080,0
DA:6081,0
DA:6082,0
DA:6083,0
DA:6084,0
DA:6085,0
DA:6086,0
DA:6087,0
DA:6088,0
DA:6089,0
DA:6090,0
DA:6094,0
DA:6096,0
DA:6097,0
DA:6098,0
DA:6099,0
DA:6100,0
DA:6101,0
DA:6102,0
DA:6103,0
DA:6104,0
DA:6105,0
DA:6108,0
DA:6110,0
DA:6111,0
DA:6114,0
DA:6115,0
DA:6116,0
DA:6117,0
DA:6118,0
DA:6119,0
DA:6120,0
DA:6121,0
DA:6132,0
DA:6141,0
DA:6149,0
DA:6150,0
DA:6151,0
DA:6160,0
DA:6161,0
DA:6162,0
DA:6163,0
DA:6164,0
DA:6165,0
DA:6166,0
DA:6167,0
DA:6171,0
DA:6179,0
DA:6180,0
DA:6181,0
DA:6182,0
DA:6183,0
DA:6184,0
DA:6185,0
DA:6186,0
DA:6190,0
DA:6192,0
DA:6193,0
DA:6194,0
DA:6196,0
DA:6197,0
DA:6199,0
DA:6200,0
DA:6202,0
DA:6203,0
DA:6205,0
DA:6206,0
DA:6208,0
DA:6209,0
DA:6211,0
DA:6212,0
DA:6217,0
DA:6219,0
DA:6220,0
DA:6221,0
DA:6222,0
DA:6223,0
DA:6224,0
DA:6225,0
DA:6226,0
DA:6227,0
DA:6228,0
DA:6237,0
DA:6287,0
DA:6289,0
DA:6290,0
DA:6291,0
DA:6292,0
DA:6295,0
DA:6298,0
DA:6299,0
DA:6300,0
DA:6301,0
DA:6303,0
DA:6304,0
DA:6305,0
DA:6307,0
DA:6309,0
DA:6310,0
DA:6312,0
DA:6313,0
DA:6315,0
DA:6317,0
DA:6318,0
DA:6320,0
DA:6321,0
DA:6323,0
DA:6324,0
DA:6325,0
DA:6327,0
DA:6328,0
DA:6329,0
DA:6334,0
DA:6335,0
DA:6336,0
DA:6338,0
DA:6339,0
DA:6340,0
DA:6341,0
DA:6342,0
DA:6343,0
DA:6344,0
DA:6345,0
DA:6346,0
DA:6347,0
DA:6348,0
DA:6349,0
DA:6350,0
DA:6351,0
DA:6355,0
DA:6357,0
DA:6373,0
DA:6380,0
DA:6382,0
DA:6383,0
DA:6384,0
DA:6385,0
DA:6386,0
DA:6387,0
DA:6389,0
DA:6390,0
DA:6394,0
DA:6395,0
DA:6396,0
DA:6397,0
DA:6398,0
DA:6399,0
DA:6401,0
DA:6402,0
DA:6403,0
DA:6407,0
DA:6409,0
DA:6410,0
DA:6411,0
DA:6412,0
DA:6413,0
DA:6414,0
DA:6415,0
DA:6416,0
DA:6419,0
DA:6421,0
DA:6422,0
DA:6423,0
DA:6424,0
DA:6425,0
DA:6426,0
DA:6427,0
DA:6428,0
DA:6432,0
DA:6439,0
DA:6440,0
DA:6441,0
DA:6442,0
DA:6443,0
DA:6444,0
DA:6445,0
DA:6447,0
DA:6448,0
DA:6449,0
DA:6450,0
DA:6452,0
DA:6454,0
DA:6455,0
DA:6456,0
DA:6460,0
DA:6462,0
DA:6463,0
DA:6464,0
DA:6465,0
DA:6466,0
DA:6467,0
DA:6468,0
DA:6469,0
DA:6470,0
DA:6473,0
DA:6475,0
DA:6476,0
DA:6479,0
DA:6480,0
DA:6481,0
DA:6482,0
DA:6483,0
DA:6484,0
DA:6485,0
DA:6495,0
DA:6503,0
DA:6510,0
DA:6511,0
DA:6512,0
DA:6520,0
DA:6521,0
DA:6522,0
DA:6523,0
DA:6524,0
DA:6525,0
DA:6526,0
DA:6530,0
DA:6537,0
DA:6538,0
DA:6539,0
DA:6540,0
DA:6541,0
DA:6542,0
DA:6543,0
DA:6547,0
DA:6549,0
DA:6550,0
DA:6551,0
DA:6553,0
DA:6554,0
DA:6556,0
DA:6557,0
DA:6559,0
DA:6560,0
DA:6562,0
DA:6563,0
DA:6565,0
DA:6566,0
DA:6571,0
DA:6573,0
DA:6574,0
DA:6575,0
DA:6576,0
DA:6577,0
DA:6578,0
DA:6579,0
DA:6580,0
DA:6581,0
DA:6590,0
DA:6673,0
DA:6674,0
DA:6675,0
DA:6676,0
DA:6677,0
DA:6678,0
DA:6679,0
DA:6680,0
DA:6681,0
DA:6682,0
DA:6683,0
DA:6684,0
DA:6685,0
DA:6687,0
DA:6688,0
DA:6689,0
DA:6692,0
DA:6695,0
DA:6696,0
DA:6697,0
DA:6698,0
DA:6700,0
DA:6701,0
DA:6702,0
DA:6704,0
DA:6706,0
DA:6707,0
DA:6708,0
DA:6710,0
DA:6712,0
DA:6713,0
DA:6714,0
DA:6716,0
DA:6717,0
DA:6718,0
DA:6720,0
DA:6722,0
DA:6723,0
DA:6725,0
DA:6726,0
DA:6728,0
DA:6730,0
DA:6731,0
DA:6733,0
DA:6734,0
DA:6736,0
DA:6738,0
DA:6739,0
DA:6741,0
DA:6742,0
DA:6744,0
DA:6745,0
DA:6746,0
DA:6748,0
DA:6749,0
DA:6750,0
DA:6752,0
DA:6753,0
DA:6754,0
DA:6759,0
DA:6760,0
DA:6761,0
DA:6763,0
DA:6764,0
DA:6765,0
DA:6766,0
DA:6767,0
DA:6768,0
DA:6769,0
DA:6770,0
DA:6771,0
DA:6772,0
DA:6773,0
DA:6774,0
DA:6775,0
DA:6776,0
DA:6777,0
DA:6778,0
DA:6779,0
DA:6780,0
DA:6781,0
DA:6782,0
DA:6783,0
DA:6784,0
DA:6785,0
DA:6786,0
DA:6790,0
DA:6792,0
DA:6824,0
DA:6836,0
DA:6838,0
DA:6839,0
DA:6840,0
DA:6841,0
DA:6842,0
DA:6843,0
DA:6845,0
DA:6846,0
DA:6847,0
DA:6848,0
DA:6849,0
DA:6850,0
DA:6852,0
DA:6853,0
DA:6857,0
DA:6858,0
DA:6859,0
DA:6860,0
DA:6861,0
DA:6862,0
DA:6864,0
DA:6865,0
DA:6866,0
DA:6867,0
DA:6868,0
DA:6870,0
DA:6871,0
DA:6872,0
DA:6876,0
DA:6878,0
DA:6879,0
DA:6880,0
DA:6881,0
DA:6882,0
DA:6883,0
DA:6884,0
DA:6885,0
DA:6886,0
DA:6888,0
DA:6889,0
DA:6890,0
DA:6891,0
DA:6894,0
DA:6896,0
DA:6897,0
DA:6898,0
DA:6899,0
DA:6900,0
DA:6901,0
DA:6902,0
DA:6903,0
DA:6904,0
DA:6905,0
DA:6906,0
DA:6907,0
DA:6908,0
DA:6912,0
DA:6924,0
DA:6925,0
DA:6926,0
DA:6927,0
DA:6928,0
DA:6929,0
DA:6930,0
DA:6931,0
DA:6932,0
DA:6933,0
DA:6934,0
DA:6935,0
DA:6937,0
DA:6938,0
DA:6939,0
DA:6940,0
DA:6941,0
DA:6942,0
DA:6943,0
DA:6945,0
DA:6946,0
DA:6947,0
DA:6948,0
DA:6949,0
DA:6950,0
DA:6951,0
DA:6952,0
DA:6953,0
DA:6954,0
DA:6958,0
DA:6960,0
DA:6961,0
DA:6962,0
DA:6963,0
DA:6964,0
DA:6965,0
DA:6966,0
DA:6967,0
DA:6968,0
DA:6969,0
DA:6970,0
DA:6971,0
DA:6972,0
DA:6973,0
DA:6976,0
DA:6977,0
DA:6978,0
DA:6979,0
DA:6980,0
DA:6981,0
DA:6982,0
DA:6983,0
DA:6984,0
DA:6985,0
DA:6986,0
DA:6987,0
DA:6988,0
DA:6989,0
DA:6992,0
DA:6993,0
DA:6994,0
DA:6995,0
DA:6996,0
DA:6997,0
DA:6998,0
DA:6999,0
DA:7000,0
DA:7001,0
DA:7002,0
DA:7003,0
DA:7018,0
DA:7031,0
DA:7043,0
DA:7044,0
DA:7045,0
DA:7046,0
DA:7047,0
DA:7048,0
DA:7061,0
DA:7062,0
DA:7063,0
DA:7064,0
DA:7065,0
DA:7066,0
DA:7067,0
DA:7068,0
DA:7070,0
DA:7071,0
DA:7072,0
DA:7073,0
DA:7077,0
DA:7089,0
DA:7090,0
DA:7091,0
DA:7092,0
DA:7093,0
DA:7094,0
DA:7095,0
DA:7096,0
DA:7097,0
DA:7098,0
DA:7099,0
DA:7100,0
DA:7104,0
DA:7106,0
DA:7107,0
DA:7108,0
DA:7110,0
DA:7111,0
DA:7113,0
DA:7114,0
DA:7116,0
DA:7117,0
DA:7119,0
DA:7120,0
DA:7122,0
DA:7123,0
DA:7125,0
DA:7126,0
DA:7128,0
DA:7129,0
DA:7131,0
DA:7132,0
DA:7134,0
DA:7135,0
DA:7137,0
DA:7138,0
DA:7143,0
DA:7145,0
DA:7146,0
DA:7147,0
DA:7148,0
DA:7149,0
DA:7150,0
DA:7151,0
DA:7152,0
DA:7153,0
DA:7154,0
DA:7155,0
DA:7156,0
DA:7157,0
DA:7158,0
DA:7167,0
DA:7310,0
DA:7311,0
DA:7312,0
DA:7313,0
DA:7314,0
DA:7315,0
DA:7316,0
DA:7317,0
DA:7318,0
DA:7319,0
DA:7320,0
DA:7321,0
DA:7322,0
DA:7323,0
DA:7324,0
DA:7325,0
DA:7326,0
DA:7327,0
DA:7328,0
DA:7329,0
DA:7331,0
DA:7332,0
DA:7333,0
DA:7336,0
DA:7339,0
DA:7340,0
DA:7341,0
DA:7342,0
DA:7344,0
DA:7345,0
DA:7346,0
DA:7348,0
DA:7350,0
DA:7351,0
DA:7352,0
DA:7354,0
DA:7356,0
DA:7357,0
DA:7359,0
DA:7360,0
DA:7362,0
DA:7364,0
DA:7365,0
DA:7367,0
DA:7368,0
DA:7370,0
DA:7372,0
DA:7373,0
DA:7375,0
DA:7376,0
DA:7378,0
DA:7380,0
DA:7381,0
DA:7383,0
DA:7384,0
DA:7386,0
DA:7387,0
DA:7389,0
DA:7390,0
DA:7392,0
DA:7394,0
DA:7395,0
DA:7397,0
DA:7398,0
DA:7400,0
DA:7401,0
DA:7403,0
DA:7404,0
DA:7406,0
DA:7407,0
DA:7408,0
DA:7410,0
DA:7412,0
DA:7413,0
DA:7414,0
DA:7416,0
DA:7417,0
DA:7418,0
DA:7420,0
DA:7421,0
DA:7422,0
DA:7424,0
DA:7425,0
DA:7427,0
DA:7428,0
DA:7430,0
DA:7431,0
DA:7433,0
DA:7434,0
DA:7436,0
DA:7437,0
DA:7438,0
DA:7440,0
DA:7441,0
DA:7442,0
DA:7447,0
DA:7448,0
DA:7449,0
DA:7451,0
DA:7452,0
DA:7453,0
DA:7454,0
DA:7455,0
DA:7456,0
DA:7457,0
DA:7458,0
DA:7459,0
DA:7460,0
DA:7461,0
DA:7462,0
DA:7463,0
DA:7464,0
DA:7465,0
DA:7466,0
DA:7467,0
DA:7468,0
DA:7469,0
DA:7470,0
DA:7471,0
DA:7472,0
DA:7473,0
DA:7474,0
DA:7475,0
DA:7476,0
DA:7477,0
DA:7478,0
DA:7479,0
DA:7480,0
DA:7481,0
DA:7482,0
DA:7483,0
DA:7484,0
DA:7485,0
DA:7486,0
DA:7487,0
DA:7488,0
DA:7492,0
DA:7494,0
DA:7543,0
DA:7562,0
DA:7564,0
DA:7565,0
DA:7566,0
DA:7567,0
DA:7568,0
DA:7569,0
DA:7570,0
DA:7571,0
DA:7572,0
DA:7574,0
DA:7575,0
DA:7576,0
DA:7578,0
DA:7579,0
DA:7580,0
DA:7581,0
DA:7583,0
DA:7584,0
DA:7586,0
DA:7587,0
DA:7588,0
DA:7590,0
DA:7591,0
DA:7593,0
DA:7594,0
DA:7598,0
DA:7599,0
DA:7600,0
DA:7601,0
DA:7602,0
DA:7603,0
DA:7604,0
DA:7605,0
DA:7606,0
DA:7608,0
DA:7609,0
DA:7610,0
DA:7612,0
DA:7613,0
DA:7614,0
DA:7615,0
DA:7617,0
DA:7619,0
DA:7620,0
DA:7621,0
DA:7623,0
DA:7624,0
DA:7626,0
DA:7627,0
DA:7628,0
DA:7632,0
DA:7634,0
DA:7635,0
DA:7636,0
DA:7637,0
DA:7638,0
DA:7639,0
DA:7640,0
DA:7641,0
DA:7642,0
DA:7643,0
DA:7644,0
DA:7645,0
DA:7646,0
DA:7647,0
DA:7648,0
DA:7649,0
DA:7650,0
DA:7651,0
DA:7652,0
DA:7653,0
DA:7656,0
DA:7658,0
DA:7659,0
DA:7660,0
DA:7661,0
DA:7662,0
DA:7663,0
DA:7664,0
DA:7665,0
DA:7666,0
DA:7667,0
DA:7668,0
DA:7669,0
DA:7670,0
DA:7671,0
DA:7672,0
DA:7673,0
DA:7674,0
DA:7675,0
DA:7676,0
DA:7677,0
DA:7681,0
DA:7700,0
DA:7701,0
DA:7702,0
DA:7703,0
DA:7704,0
DA:7705,0
DA:7706,0
DA:7707,0
DA:7708,0
DA:7710,0
DA:7711,0
DA:7712,0
DA:7713,0
DA:7714,0
DA:7715,0
DA:7716,0
DA:7718,0
DA:7719,0
DA:7720,0
DA:7722,0
DA:7723,0
DA:7724,0
DA:7725,0
DA:7726,0
DA:7727,0
DA:7728,0
DA:7729,0
DA:7730,0
DA:7731,0
DA:7732,0
DA:7733,0
DA:7734,0
DA:7735,0
DA:7737,0
DA:7738,0
DA:7739,0
DA:7740,0
DA:7741,0
DA:7742,0
DA:7743,0
DA:7745,0
DA:7746,0
DA:7747,0
DA:7748,0
DA:7749,0
DA:7751,0
DA:7752,0
DA:7753,0
DA:7754,0
DA:7755,0
DA:7756,0
DA:7760,0
DA:7762,0
DA:7763,0
DA:7764,0
DA:7765,0
DA:7766,0
DA:7767,0
DA:7768,0
DA:7769,0
DA:7770,0
DA:7771,0
DA:7772,0
DA:7773,0
DA:7774,0
DA:7775,0
DA:7776,0
DA:7777,0
DA:7778,0
DA:7779,0
DA:7780,0
DA:7781,0
DA:7782,0
DA:7785,0
DA:7786,0
DA:7787,0
DA:7788,0
DA:7789,0
DA:7790,0
DA:7791,0
DA:7792,0
DA:7793,0
DA:7794,0
DA:7795,0
DA:7796,0
DA:7797,0
DA:7798,0
DA:7799,0
DA:7800,0
DA:7801,0
DA:7802,0
DA:7803,0
DA:7804,0
DA:7805,0
DA:7808,0
DA:7809,0
DA:7810,0
DA:7811,0
DA:7812,0
DA:7813,0
DA:7814,0
DA:7815,0
DA:7816,0
DA:7817,0
DA:7818,0
DA:7819,0
DA:7820,0
DA:7821,0
DA:7822,0
DA:7823,0
DA:7824,0
DA:7825,0
DA:7826,0
DA:7848,0
DA:7868,0
DA:7887,0
DA:7888,0
DA:7889,0
DA:7890,0
DA:7891,0
DA:7892,0
DA:7893,0
DA:7894,0
DA:7914,0
DA:7915,0
DA:7916,0
DA:7917,0
DA:7918,0
DA:7919,0
DA:7920,0
DA:7921,0
DA:7922,0
DA:7923,0
DA:7924,0
DA:7925,0
DA:7926,0
DA:7927,0
DA:7928,0
DA:7929,0
DA:7930,0
DA:7931,0
DA:7932,0
DA:7936,0
DA:7955,0
DA:7956,0
DA:7957,0
DA:7958,0
DA:7959,0
DA:7960,0
DA:7961,0
DA:7962,0
DA:7963,0
DA:7964,0
DA:7965,0
DA:7966,0
DA:7967,0
DA:7968,0
DA:7969,0
DA:7970,0
DA:7971,0
DA:7972,0
DA:7973,0
DA:7977,0
DA:7979,0
DA:7980,0
DA:7981,0
DA:7983,0
DA:7984,0
DA:7986,0
DA:7987,0
DA:7989,0
DA:7990,0
DA:7992,0
DA:7993,0
DA:7995,0
DA:7996,0
DA:7998,0
DA:7999,0
DA:8001,0
DA:8002,0
DA:8004,0
DA:8005,0
DA:8007,0
DA:8008,0
DA:8010,0
DA:8011,0
DA:8013,0
DA:8014,0
DA:8016,0
DA:8017,0
DA:8019,0
DA:8020,0
DA:8022,0
DA:8023,0
DA:8025,0
DA:8026,0
DA:8028,0
DA:8029,0
DA:8031,0
DA:8032,0
DA:8037,0
DA:8039,0
DA:8040,0
DA:8041,0
DA:8042,0
DA:8043,0
DA:8044,0
DA:8045,0
DA:8046,0
DA:8047,0
DA:8048,0
DA:8049,0
DA:8050,0
DA:8051,0
DA:8052,0
DA:8053,0
DA:8054,0
DA:8055,0
DA:8056,0
DA:8057,0
DA:8058,0
DA:8059,0
DA:8068,0
DA:8133,0
DA:8134,0
DA:8135,0
DA:8136,0
DA:8137,0
DA:8138,0
DA:8139,0
DA:8140,0
DA:8141,0
DA:8142,0
DA:8143,0
DA:8145,0
DA:8146,0
DA:8147,0
DA:8150,0
DA:8153,0
DA:8154,0
DA:8155,0
DA:8156,0
DA:8158,0
DA:8159,0
DA:8161,0
DA:8162,0
DA:8164,0
DA:8166,0
DA:8167,0
DA:8168,0
DA:8170,0
DA:8172,0
DA:8173,0
DA:8174,0
DA:8176,0
DA:8177,0
DA:8179,0
DA:8180,0
DA:8182,0
DA:8184,0
DA:8185,0
DA:8186,0
DA:8188,0
DA:8190,0
DA:8191,0
DA:8192,0
DA:8194,0
DA:8195,0
DA:8196,0
DA:8198,0
DA:8199,0
DA:8200,0
DA:8205,0
DA:8206,0
DA:8207,0
DA:8209,0
DA:8210,0
DA:8211,0
DA:8212,0
DA:8213,0
DA:8214,0
DA:8215,0
DA:8216,0
DA:8217,0
DA:8218,0
DA:8219,0
DA:8220,0
DA:8221,0
DA:8222,0
DA:8223,0
DA:8224,0
DA:8225,0
DA:8226,0
DA:8227,0
DA:8228,0
DA:8232,0
DA:8234,0
DA:8262,0
DA:8272,0
DA:8274,0
DA:8275,0
DA:8276,0
DA:8277,0
DA:8278,0
DA:8279,0
DA:8281,0
DA:8282,0
DA:8283,0
DA:8284,0
DA:8286,0
DA:8287,0
DA:8289,0
DA:8293,0
DA:8294,0
DA:8295,0
DA:8296,0
DA:8297,0
DA:8299,0
DA:8300,0
DA:8301,0
DA:8303,0
DA:8305,0
DA:8306,0
DA:8310,0
DA:8312,0
DA:8313,0
DA:8314,0
DA:8315,0
DA:8316,0
DA:8317,0
DA:8318,0
DA:8319,0
DA:8320,0
DA:8321,0
DA:8322,0
DA:8325,0
DA:8327,0
DA:8328,0
DA:8329,0
DA:8330,0
DA:8331,0
DA:8332,0
DA:8333,0
DA:8334,0
DA:8335,0
DA:8336,0
DA:8337,0
DA:8341,0
DA:8351,0
DA:8352,0
DA:8353,0
DA:8354,0
DA:8355,0
DA:8356,0
DA:8357,0
DA:8358,0
DA:8359,0
DA:8360,0
DA:8362,0
DA:8363,0
DA:8364,0
DA:8365,0
DA:8366,0
DA:8367,0
DA:8368,0
DA:8369,0
DA:8370,0
DA:8371,0
DA:8372,0
DA:8373,0
DA:8374,0
DA:8375,0
DA:8376,0
DA:8380,0
DA:8382,0
DA:8383,0
DA:8384,0
DA:8385,0
DA:8386,0
DA:8387,0
DA:8388,0
DA:8389,0
DA:8390,0
DA:8391,0
DA:8392,0
DA:8393,0
DA:8396,0
DA:8397,0
DA:8398,0
DA:8399,0
DA:8402,0
DA:8403,0
DA:8404,0
DA:8405,0
DA:8406,0
DA:8407,0
DA:8408,0
DA:8409,0
DA:8410,0
DA:8411,0
DA:8424,0
DA:8435,0
DA:8445,0
DA:8446,0
DA:8447,0
DA:8448,0
DA:8449,0
DA:8460,0
DA:8461,0
DA:8462,0
DA:8463,0
DA:8464,0
DA:8465,0
DA:8466,0
DA:8467,0
DA:8468,0
DA:8469,0
DA:8473,0
DA:8483,0
DA:8484,0
DA:8485,0
DA:8486,0
DA:8487,0
DA:8488,0
DA:8489,0
DA:8490,0
DA:8491,0
DA:8492,0
DA:8496,0
DA:8498,0
DA:8499,0
DA:8500,0
DA:8502,0
DA:8503,0
DA:8505,0
DA:8506,0
DA:8508,0
DA:8509,0
DA:8511,0
DA:8512,0
DA:8514,0
DA:8515,0
DA:8517,0
DA:8518,0
DA:8520,0
DA:8521,0
DA:8523,0
DA:8524,0
DA:8529,0
DA:8531,0
DA:8532,0
DA:8533,0
DA:8534,0
DA:8535,0
DA:8536,0
DA:8537,0
DA:8538,0
DA:8539,0
DA:8540,0
DA:8541,0
DA:8542,0
DA:8551,0
DA:8623,0
DA:8624,0
DA:8625,0
DA:8626,0
DA:8627,0
DA:8628,0
DA:8629,0
DA:8630,0
DA:8631,0
DA:8632,0
DA:8633,0
DA:8635,0
DA:8636,0
DA:8637,0
DA:8640,0
DA:8643,0
DA:8644,0
DA:8645,0
DA:8646,0
DA:8648,0
DA:8649,0
DA:8651,0
DA:8652,0
DA:8654,0
DA:8656,0
DA:8657,0
DA:8658,0
DA:8660,0
DA:8662,0
DA:8663,0
DA:8665,0
DA:8666,0
DA:8668,0
DA:8670,0
DA:8671,0
DA:8673,0
DA:8674,0
DA:8676,0
DA:8677,0
DA:8678,0
DA:8680,0
DA:8681,0
DA:8683,0
DA:8684,0
DA:8686,0
DA:8688,0
DA:8689,0
DA:8691,0
DA:8692,0
DA:8694,0
DA:8695,0
DA:8696,0
DA:8701,0
DA:8702,0
DA:8703,0
DA:8705,0
DA:8706,0
DA:8707,0
DA:8708,0
DA:8709,0
DA:8710,0
DA:8711,0
DA:8712,0
DA:8713,0
DA:8714,0
DA:8715,0
DA:8716,0
DA:8717,0
DA:8718,0
DA:8719,0
DA:8720,0
DA:8721,0
DA:8722,0
DA:8723,0
DA:8724,0
DA:8728,0
DA:8730,0
DA:8759,0
DA:8769,0
DA:8771,0
DA:8772,0
DA:8773,0
DA:8774,0
DA:8775,0
DA:8776,0
DA:8777,0
DA:8779,0
DA:8780,0
DA:8781,0
DA:8782,0
DA:8784,0
DA:8788,0
DA:8789,0
DA:8790,0
DA:8791,0
DA:8792,0
DA:8793,0
DA:8794,0
DA:8796,0
DA:8797,0
DA:8798,0
DA:8799,0
DA:8801,0
DA:8802,0
DA:8806,0
DA:8808,0
DA:8809,0
DA:8810,0
DA:8811,0
DA:8812,0
DA:8814,0
DA:8815,0
DA:8816,0
DA:8817,0
DA:8818,0
DA:8819,0
DA:8822,0
DA:8824,0
DA:8825,0
DA:8826,0
DA:8827,0
DA:8828,0
DA:8829,0
DA:8830,0
DA:8831,0
DA:8832,0
DA:8833,0
DA:8834,0
DA:8838,0
DA:8848,0
DA:8849,0
DA:8850,0
DA:8851,0
DA:8852,0
DA:8853,0
DA:8854,0
DA:8855,0
DA:8856,0
DA:8857,0
DA:8859,0
DA:8860,0
DA:8861,0
DA:8862,0
DA:8863,0
DA:8864,0
DA:8865,0
DA:8866,0
DA:8867,0
DA:8868,0
DA:8870,0
DA:8871,0
DA:8873,0
DA:8875,0
DA:8876,0
DA:8880,0
DA:8882,0
DA:8883,0
DA:8884,0
DA:8885,0
DA:8886,0
DA:8887,0
DA:8888,0
DA:8889,0
DA:8890,0
DA:8891,0
DA:8892,0
DA:8893,0
DA:8896,0
DA:8897,0
DA:8898,0
DA:8899,0
DA:8902,0
DA:8903,0
DA:8904,0
DA:8905,0
DA:8906,0
DA:8907,0
DA:8908,0
DA:8909,0
DA:8910,0
DA:8911,0
DA:8924,0
DA:8935,0
DA:8945,0
DA:8946,0
DA:8947,0
DA:8948,0
DA:8949,0
DA:8960,0
DA:8961,0
DA:8962,0
DA:8963,0
DA:8965,0
DA:8966,0
DA:8967,0
DA:8968,0
DA:8969,0
DA:8970,0
DA:8974,0
DA:8984,0
DA:8985,0
DA:8986,0
DA:8987,0
DA:8988,0
DA:8989,0
DA:8990,0
DA:8991,0
DA:8992,0
DA:8993,0
DA:8997,0
DA:8999,0
DA:9000,0
DA:9001,0
DA:9003,0
DA:9004,0
DA:9006,0
DA:9007,0
DA:9009,0
DA:9010,0
DA:9012,0
DA:9013,0
DA:9015,0
DA:9016,0
DA:9018,0
DA:9019,0
DA:9021,0
DA:9022,0
DA:9024,0
DA:9025,0
DA:9030,0
DA:9032,0
DA:9033,0
DA:9034,0
DA:9035,0
DA:9036,0
DA:9037,0
DA:9038,0
DA:9039,0
DA:9040,0
DA:9041,0
DA:9042,0
DA:9043,0
DA:9052,0
DA:9099,0
DA:9101,0
DA:9102,0
DA:9103,0
DA:9104,0
DA:9107,0
DA:9110,0
DA:9111,0
DA:9112,0
DA:9113,0
DA:9115,0
DA:9116,0
DA:9118,0
DA:9119,0
DA:9121,0
DA:9123,0
DA:9124,0
DA:9125,0
DA:9127,0
DA:9129,0
DA:9130,0
DA:9132,0
DA:9133,0
DA:9135,0
DA:9137,0
DA:9138,0
DA:9139,0
DA:9141,0
DA:9142,0
DA:9143,0
DA:9148,0
DA:9149,0
DA:9150,0
DA:9152,0
DA:9153,0
DA:9154,0
DA:9155,0
DA:9156,0
DA:9157,0
DA:9158,0
DA:9159,0
DA:9160,0
DA:9161,0
DA:9162,0
DA:9163,0
DA:9164,0
DA:9165,0
DA:9169,0
DA:9171,0
DA:9190,0
DA:9197,0
DA:9199,0
DA:9200,0
DA:9201,0
DA:9202,0
DA:9203,0
DA:9204,0
DA:9205,0
DA:9207,0
DA:9211,0
DA:9212,0
DA:9213,0
DA:9214,0
DA:9215,0
DA:9216,0
DA:9218,0
DA:9219,0
DA:9223,0
DA:9225,0
DA:9226,0
DA:9227,0
DA:9228,0
DA:9229,0
DA:9230,0
DA:9231,0
DA:9232,0
DA:9235,0
DA:9237,0
DA:9238,0
DA:9239,0
DA:9240,0
DA:9241,0
DA:9242,0
DA:9243,0
DA:9244,0
DA:9248,0
DA:9255,0
DA:9256,0
DA:9257,0
DA:9258,0
DA:9259,0
DA:9260,0
DA:9261,0
DA:9263,0
DA:9264,0
DA:9265,0
DA:9266,0
DA:9267,0
DA:9268,0
DA:9269,0
DA:9270,0
DA:9271,0
DA:9272,0
DA:9273,0
DA:9274,0
DA:9278,0
DA:9280,0
DA:9281,0
DA:9282,0
DA:9283,0
DA:9284,0
DA:9285,0
DA:9286,0
DA:9287,0
DA:9288,0
DA:9291,0
DA:9293,0
DA:9294,0
DA:9297,0
DA:9298,0
DA:9299,0
DA:9300,0
DA:9301,0
DA:9302,0
DA:9303,0
DA:9313,0
DA:9321,0
DA:9328,0
DA:9329,0
DA:9330,0
DA:9331,0
DA:9339,0
DA:9340,0
DA:9341,0
DA:9342,0
DA:9343,0
DA:9344,0
DA:9345,0
DA:9349,0
DA:9356,0
DA:9357,0
DA:9358,0
DA:9359,0
DA:9360,0
DA:9361,0
DA:9362,0
DA:9366,0
DA:9368,0
DA:9369,0
DA:9370,0
DA:9372,0
DA:9373,0
DA:9375,0
DA:9376,0
DA:9378,0
DA:9379,0
DA:9381,0
DA:9382,0
DA:9384,0
DA:9385,0
DA:9390,0
DA:9392,0
DA:9393,0
DA:9394,0
DA:9395,0
DA:9396,0
DA:9397,0
DA:9398,0
DA:9399,0
DA:9400,0
DA:9409,0
DA:9492,0
DA:9493,0
DA:9494,0
DA:9495,0
DA:9496,0
DA:9497,0
DA:9498,0
DA:9499,0
DA:9500,0
DA:9501,0
DA:9502,0
DA:9503,0
DA:9504,0
DA:9506,0
DA:9507,0
DA:9508,0
DA:9511,0
DA:9514,0
DA:9515,0
DA:9516,0
DA:9517,0
DA:9519,0
DA:9520,0
DA:9521,0
DA:9523,0
DA:9525,0
DA:9526,0
DA:9528,0
DA:9529,0
DA:9531,0
DA:9533,0
DA:9534,0
DA:9536,0
DA:9537,0
DA:9539,0
DA:9541,0
DA:9542,0
DA:9543,0
DA:9545,0
DA:9546,0
DA:9547,0
DA:9549,0
DA:9550,0
DA:9552,0
DA:9553,0
DA:9555,0
DA:9556,0
DA:9558,0
DA:9559,0
DA:9561,0
DA:9562,0
DA:9563,0
DA:9565,0
DA:9566,0
DA:9567,0
DA:9569,0
DA:9570,0
DA:9571,0
DA:9576,0
DA:9577,0
DA:9578,0
DA:9580,0
DA:9581,0
DA:9582,0
DA:9583,0
DA:9584,0
DA:9585,0
DA:9586,0
DA:9587,0
DA:9588,0
DA:9589,0
DA:9590,0
DA:9591,0
DA:9592,0
DA:9593,0
DA:9594,0
DA:9595,0
DA:9596,0
DA:9597,0
DA:9598,0
DA:9599,0
DA:9600,0
DA:9601,0
DA:9602,0
DA:9603,0
DA:9607,0
DA:9609,0
DA:9633,0
DA:9645,0
DA:9647,0
DA:9648,0
DA:9649,0
DA:9650,0
DA:9651,0
DA:9652,0
DA:9653,0
DA:9655,0
DA:9656,0
DA:9657,0
DA:9658,0
DA:9660,0
DA:9661,0
DA:9663,0
DA:9664,0
DA:9668,0
DA:9669,0
DA:9670,0
DA:9671,0
DA:9672,0
DA:9673,0
DA:9674,0
DA:9676,0
DA:9677,0
DA:9678,0
DA:9679,0
DA:9681,0
DA:9683,0
DA:9684,0
DA:9685,0
DA:9689,0
DA:9691,0
DA:9692,0
DA:9693,0
DA:9694,0
DA:9695,0
DA:9696,0
DA:9697,0
DA:9698,0
DA:9699,0
DA:9700,0
DA:9701,0
DA:9702,0
DA:9703,0
DA:9706,0
DA:9708,0
DA:9709,0
DA:9710,0
DA:9711,0
DA:9712,0
DA:9713,0
DA:9714,0
DA:9715,0
DA:9716,0
DA:9717,0
DA:9718,0
DA:9719,0
DA:9720,0
DA:9724,0
DA:9736,0
DA:9737,0
DA:9738,0
DA:9739,0
DA:9740,0
DA:9741,0
DA:9742,0
DA:9743,0
DA:9745,0
DA:9746,0
DA:9747,0
DA:9748,0
DA:9750,0
DA:9751,0
DA:9752,0
DA:9753,0
DA:9755,0
DA:9756,0
DA:9757,0
DA:9758,0
DA:9759,0
DA:9760,0
DA:9762,0
DA:9763,0
DA:9764,0
DA:9765,0
DA:9766,0
DA:9767,0
DA:9768,0
DA:9772,0
DA:9774,0
DA:9775,0
DA:9776,0
DA:9777,0
DA:9778,0
DA:9779,0
DA:9780,0
DA:9781,0
DA:9782,0
DA:9783,0
DA:9784,0
DA:9785,0
DA:9786,0
DA:9787,0
DA:9790,0
DA:9791,0
DA:9792,0
DA:9793,0
DA:9796,0
DA:9797,0
DA:9798,0
DA:9799,0
DA:9800,0
DA:9801,0
DA:9802,0
DA:9803,0
DA:9804,0
DA:9805,0
DA:9806,0
DA:9807,0
DA:9822,0
DA:9835,0
DA:9847,0
DA:9848,0
DA:9849,0
DA:9850,0
DA:9863,0
DA:9864,0
DA:9865,0
DA:9866,0
DA:9867,0
DA:9868,0
DA:9869,0
DA:9870,0
DA:9871,0
DA:9872,0
DA:9873,0
DA:9874,0
DA:9878,0
DA:9890,0
DA:9891,0
DA:9892,0
DA:9893,0
DA:9894,0
DA:9895,0
DA:9896,0
DA:9897,0
DA:9898,0
DA:9899,0
DA:9900,0
DA:9901,0
DA:9905,0
DA:9907,0
DA:9908,0
DA:9909,0
DA:9911,0
DA:9912,0
DA:9914,0
DA:9915,0
DA:9917,0
DA:9918,0
DA:9920,0
DA:9921,0
DA:9923,0
DA:9924,0
DA:9926,0
DA:9927,0
DA:9929,0
DA:9930,0
DA:9932,0
DA:9933,0
DA:9935,0
DA:9936,0
DA:9938,0
DA:9939,0
DA:9944,0
DA:9946,0
DA:9947,0
DA:9948,0
DA:9949,0
DA:9950,0
DA:9951,0
DA:9952,0
DA:9953,0
DA:9954,0
DA:9955,0
DA:9956,0
DA:9957,0
DA:9958,0
DA:9959,0
DA:9968,0
DA:10041,0
DA:10042,0
DA:10043,0
DA:10044,0
DA:10045,0
DA:10046,0
DA:10047,0
DA:10048,0
DA:10049,0
DA:10050,0
DA:10051,0
DA:10052,0
DA:10054,0
DA:10055,0
DA:10056,0
DA:10059,0
DA:10062,0
DA:10063,0
DA:10064,0
DA:10065,0
DA:10067,0
DA:10068,0
DA:10069,0
DA:10071,0
DA:10073,0
DA:10074,0
DA:10075,0
DA:10077,0
DA:10079,0
DA:10080,0
DA:10081,0
DA:10083,0
DA:10084,0
DA:10085,0
DA:10087,0
DA:10088,0
DA:10089,0
DA:10091,0
DA:10092,0
DA:10093,0
DA:10095,0
DA:10096,0
DA:10097,0
DA:10099,0
DA:10100,0
DA:10101,0
DA:10103,0
DA:10104,0
DA:10105,0
DA:10110,0
DA:10111,0
DA:10112,0
DA:10114,0
DA:10115,0
DA:10116,0
DA:10117,0
DA:10118,0
DA:10119,0
DA:10120,0
DA:10121,0
DA:10122,0
DA:10123,0
DA:10124,0
DA:10125,0
DA:10126,0
DA:10127,0
DA:10128,0
DA:10129,0
DA:10130,0
DA:10131,0
DA:10132,0
DA:10133,0
DA:10134,0
DA:10135,0
DA:10139,0
DA:10141,0
DA:10162,0
DA:10173,0
DA:10175,0
DA:10176,0
DA:10177,0
DA:10178,0
DA:10179,0
DA:10180,0
DA:10181,0
DA:10182,0
DA:10184,0
DA:10185,0
DA:10187,0
DA:10188,0
DA:10190,0
DA:10191,0
DA:10195,0
DA:10196,0
DA:10197,0
DA:10198,0
DA:10199,0
DA:10200,0
DA:10201,0
DA:10202,0
DA:10204,0
DA:10205,0
DA:10207,0
DA:10209,0
DA:10210,0
DA:10211,0
DA:10215,0
DA:10217,0
DA:10218,0
DA:10219,0
DA:10220,0
DA:10221,0
DA:10222,0
DA:10223,0
DA:10224,0
DA:10225,0
DA:10226,0
DA:10227,0
DA:10228,0
DA:10231,0
DA:10233,0
DA:10234,0
DA:10235,0
DA:10236,0
DA:10237,0
DA:10238,0
DA:10239,0
DA:10240,0
DA:10241,0
DA:10242,0
DA:10243,0
DA:10244,0
DA:10248,0
DA:10259,0
DA:10260,0
DA:10261,0
DA:10262,0
DA:10263,0
DA:10264,0
DA:10265,0
DA:10266,0
DA:10267,0
DA:10268,0
DA:10269,0
DA:10271,0
DA:10272,0
DA:10273,0
DA:10274,0
DA:10275,0
DA:10276,0
DA:10277,0
DA:10278,0
DA:10279,0
DA:10280,0
DA:10281,0
DA:10282,0
DA:10286,0
DA:10288,0
DA:10289,0
DA:10290,0
DA:10291,0
DA:10292,0
DA:10293,0
DA:10294,0
DA:10295,0
DA:10296,0
DA:10297,0
DA:10298,0
DA:10299,0
DA:10300,0
DA:10303,0
DA:10304,0
DA:10305,0
DA:10306,0
DA:10309,0
DA:10310,0
DA:10311,0
DA:10312,0
DA:10313,0
DA:10314,0
DA:10315,0
DA:10316,0
DA:10317,0
DA:10318,0
DA:10319,0
DA:10333,0
DA:10345,0
DA:10356,0
DA:10357,0
DA:10358,0
DA:10370,0
DA:10371,0
DA:10372,0
DA:10373,0
DA:10374,0
DA:10375,0
DA:10376,0
DA:10377,0
DA:10378,0
DA:10379,0
DA:10380,0
DA:10384,0
DA:10395,0
DA:10396,0
DA:10397,0
DA:10398,0
DA:10399,0
DA:10400,0
DA:10401,0
DA:10402,0
DA:10403,0
DA:10404,0
DA:10405,0
DA:10409,0
DA:10411,0
DA:10412,0
DA:10413,0
DA:10415,0
DA:10416,0
DA:10418,0
DA:10419,0
DA:10421,0
DA:10422,0
DA:10424,0
DA:10425,0
DA:10427,0
DA:10428,0
DA:10430,0
DA:10431,0
DA:10433,0
DA:10434,0
DA:10436,0
DA:10437,0
DA:10439,0
DA:10440,0
DA:10445,0
DA:10447,0
DA:10448,0
DA:10449,0
DA:10450,0
DA:10451,0
DA:10452,0
DA:10453,0
DA:10454,0
DA:10455,0
DA:10456,0
DA:10457,0
DA:10458,0
DA:10459,0
DA:10467,0
DA:10542,0
DA:10543,0
DA:10544,0
DA:10545,0
DA:10546,0
DA:10547,0
DA:10548,0
DA:10549,0
DA:10550,0
DA:10551,0
DA:10552,0
DA:10553,0
DA:10555,0
DA:10556,0
DA:10557,0
DA:10560,0
DA:10563,0
DA:10564,0
DA:10565,0
DA:10566,0
DA:10568,0
DA:10569,0
DA:10570,0
DA:10572,0
DA:10574,0
DA:10575,0
DA:10577,0
DA:10578,0
DA:10580,0
DA:10582,0
DA:10583,0
DA:10584,0
DA:10586,0
DA:10588,0
DA:10589,0
DA:10590,0
DA:10592,0
DA:10593,0
DA:10594,0
DA:10596,0
DA:10597,0
DA:10599,0
DA:10600,0
DA:10602,0
DA:10603,0
DA:10604,0
DA:10606,0
DA:10607,0
DA:10608,0
DA:10610,0
DA:10611,0
DA:10612,0
DA:10617,0
DA:10618,0
DA:10619,0
DA:10621,0
DA:10622,0
DA:10623,0
DA:10624,0
DA:10625,0
DA:10626,0
DA:10627,0
DA:10628,0
DA:10629,0
DA:10630,0
DA:10631,0
DA:10632,0
DA:10633,0
DA:10634,0
DA:10635,0
DA:10636,0
DA:10637,0
DA:10638,0
DA:10639,0
DA:10640,0
DA:10641,0
DA:10642,0
DA:10646,0
DA:10648,0
DA:10669,0
DA:10680,0
DA:10682,0
DA:10683,0
DA:10684,0
DA:10685,0
DA:10686,0
DA:10687,0
DA:10688,0
DA:10690,0
DA:10691,0
DA:10692,0
DA:10694,0
DA:10695,0
DA:10697,0
DA:10698,0
DA:10702,0
DA:10703,0
DA:10704,0
DA:10705,0
DA:10706,0
DA:10707,0
DA:10708,0
DA:10710,0
DA:10711,0
DA:10712,0
DA:10714,0
DA:10716,0
DA:10717,0
DA:10718,0
DA:10722,0
DA:10724,0
DA:10725,0
DA:10726,0
DA:10727,0
DA:10728,0
DA:10729,0
DA:10730,0
DA:10731,0
DA:10732,0
DA:10733,0
DA:10734,0
DA:10735,0
DA:10738,0
DA:10740,0
DA:10741,0
DA:10742,0
DA:10743,0
DA:10744,0
DA:10745,0
DA:10746,0
DA:10747,0
DA:10748,0
DA:10749,0
DA:10750,0
DA:10751,0
DA:10755,0
DA:10766,0
DA:10767,0
DA:10768,0
DA:10769,0
DA:10770,0
DA:10771,0
DA:10772,0
DA:10773,0
DA:10774,0
DA:10775,0
DA:10776,0
DA:10778,0
DA:10779,0
DA:10780,0
DA:10781,0
DA:10782,0
DA:10783,0
DA:10784,0
DA:10785,0
DA:10786,0
DA:10787,0
DA:10789,0
DA:10790,0
DA:10791,0
DA:10792,0
DA:10796,0
DA:10798,0
DA:10799,0
DA:10800,0
DA:10801,0
DA:10802,0
DA:10803,0
DA:10804,0
DA:10805,0
DA:10806,0
DA:10807,0
DA:10808,0
DA:10809,0
DA:10810,0
DA:10813,0
DA:10814,0
DA:10815,0
DA:10816,0
DA:10819,0
DA:10820,0
DA:10821,0
DA:10822,0
DA:10823,0
DA:10824,0
DA:10825,0
DA:10826,0
DA:10827,0
DA:10828,0
DA:10829,0
DA:10843,0
DA:10855,0
DA:10866,0
DA:10867,0
DA:10868,0
DA:10869,0
DA:10881,0
DA:10882,0
DA:10883,0
DA:10884,0
DA:10885,0
DA:10886,0
DA:10887,0
DA:10888,0
DA:10889,0
DA:10890,0
DA:10891,0
DA:10895,0
DA:10906,0
DA:10907,0
DA:10908,0
DA:10909,0
DA:10910,0
DA:10911,0
DA:10912,0
DA:10913,0
DA:10914,0
DA:10915,0
DA:10916,0
DA:10920,0
DA:10922,0
DA:10923,0
DA:10924,0
DA:10926,0
DA:10927,0
DA:10929,0
DA:10930,0
DA:10932,0
DA:10933,0
DA:10935,0
DA:10936,0
DA:10938,0
DA:10939,0
DA:10941,0
DA:10942,0
DA:10944,0
DA:10945,0
DA:10947,0
DA:10948,0
DA:10950,0
DA:10951,0
DA:10956,0
DA:10958,0
DA:10959,0
DA:10960,0
DA:10961,0
DA:10962,0
DA:10963,0
DA:10964,0
DA:10965,0
DA:10966,0
DA:10967,0
DA:10968,0
DA:10969,0
DA:10970,0
DA:10979,0
DA:11024,0
DA:11026,0
DA:11027,0
DA:11028,0
DA:11029,0
DA:11032,0
DA:11035,0
DA:11036,0
DA:11037,0
DA:11038,0
DA:11040,0
DA:11041,0
DA:11042,0
DA:11044,0
DA:11046,0
DA:11047,0
DA:11049,0
DA:11050,0
DA:11052,0
DA:11054,0
DA:11055,0
DA:11057,0
DA:11058,0
DA:11060,0
DA:11062,0
DA:11063,0
DA:11064,0
DA:11066,0
DA:11067,0
DA:11068,0
DA:11073,0
DA:11074,0
DA:11075,0
DA:11077,0
DA:11078,0
DA:11079,0
DA:11080,0
DA:11081,0
DA:11082,0
DA:11083,0
DA:11084,0
DA:11085,0
DA:11086,0
DA:11087,0
DA:11088,0
DA:11089,0
DA:11090,0
DA:11094,0
DA:11096,0
DA:11109,0
DA:11116,0
DA:11118,0
DA:11119,0
DA:11120,0
DA:11121,0
DA:11122,0
DA:11123,0
DA:11124,0
DA:11126,0
DA:11130,0
DA:11131,0
DA:11132,0
DA:11133,0
DA:11134,0
DA:11135,0
DA:11137,0
DA:11138,0
DA:11142,0
DA:11144,0
DA:11145,0
DA:11146,0
DA:11147,0
DA:11148,0
DA:11149,0
DA:11150,0
DA:11151,0
DA:11154,0
DA:11156,0
DA:11157,0
DA:11158,0
DA:11159,0
DA:11160,0
DA:11161,0
DA:11162,0
DA:11163,0
DA:11167,0
DA:11174,0
DA:11175,0
DA:11176,0
DA:11177,0
DA:11178,0
DA:11179,0
DA:11180,0
DA:11182,0
DA:11183,0
DA:11184,0
DA:11185,0
DA:11186,0
DA:11187,0
DA:11188,0
DA:11189,0
DA:11190,0
DA:11191,0
DA:11192,0
DA:11193,0
DA:11197,0
DA:11199,0
DA:11200,0
DA:11201,0
DA:11202,0
DA:11203,0
DA:11204,0
DA:11205,0
DA:11206,0
DA:11207,0
DA:11210,0
DA:11212,0
DA:11213,0
DA:11216,0
DA:11217,0
DA:11218,0
DA:11219,0
DA:11220,0
DA:11221,0
DA:11222,0
DA:11232,0
DA:11240,0
DA:11247,0
DA:11248,0
DA:11249,0
DA:11250,0
DA:11258,0
DA:11259,0
DA:11260,0
DA:11261,0
DA:11262,0
DA:11263,0
DA:11264,0
DA:11268,0
DA:11275,0
DA:11276,0
DA:11277,0
DA:11278,0
DA:11279,0
DA:11280,0
DA:11281,0
DA:11285,0
DA:11287,0
DA:11288,0
DA:11289,0
DA:11291,0
DA:11292,0
DA:11294,0
DA:11295,0
DA:11297,0
DA:11298,0
DA:11300,0
DA:11301,0
DA:11303,0
DA:11304,0
DA:11309,0
DA:11311,0
DA:11312,0
DA:11313,0
DA:11314,0
DA:11315,0
DA:11316,0
DA:11317,0
DA:11318,0
DA:11319,0
DA:11328,0
DA:11417,0
DA:11418,0
DA:11419,0
DA:11420,0
DA:11421,0
DA:11422,0
DA:11423,0
DA:11424,0
DA:11425,0
DA:11426,0
DA:11427,0
DA:11428,0
DA:11429,0
DA:11431,0
DA:11432,0
DA:11433,0
DA:11436,0
DA:11439,0
DA:11440,0
DA:11441,0
DA:11442,0
DA:11444,0
DA:11445,0
DA:11446,0
DA:11448,0
DA:11450,0
DA:11451,0
DA:11452,0
DA:11454,0
DA:11455,0
DA:11456,0
DA:11458,0
DA:11460,0
DA:11461,0
DA:11463,0
DA:11464,0
DA:11466,0
DA:11468,0
DA:11469,0
DA:11470,0
DA:11472,0
DA:11474,0
DA:11475,0
DA:11476,0
DA:11478,0
DA:11479,0
DA:11481,0
DA:11482,0
DA:11484,0
DA:11485,0
DA:11487,0
DA:11488,0
DA:11490,0
DA:11491,0
DA:11493,0
DA:11494,0
DA:11496,0
DA:11497,0
DA:11498,0
DA:11503,0
DA:11504,0
DA:11505,0
DA:11507,0
DA:11508,0
DA:11509,0
DA:11510,0
DA:11511,0
DA:11512,0
DA:11513,0
DA:11514,0
DA:11515,0
DA:11516,0
DA:11517,0
DA:11518,0
DA:11519,0
DA:11520,0
DA:11521,0
DA:11522,0
DA:11523,0
DA:11524,0
DA:11525,0
DA:11526,0
DA:11527,0
DA:11528,0
DA:11529,0
DA:11530,0
DA:11534,0
DA:11536,0
DA:11568,0
DA:11580,0
DA:11582,0
DA:11583,0
DA:11584,0
DA:11585,0
DA:11586,0
DA:11588,0
DA:11589,0
DA:11590,0
DA:11591,0
DA:11592,0
DA:11594,0
DA:11595,0
DA:11597,0
DA:11598,0
DA:11600,0
DA:11601,0
DA:11605,0
DA:11606,0
DA:11607,0
DA:11608,0
DA:11610,0
DA:11611,0
DA:11612,0
DA:11613,0
DA:11614,0
DA:11616,0
DA:11617,0
DA:11619,0
DA:11620,0
DA:11622,0
DA:11623,0
DA:11624,0
DA:11628,0
DA:11630,0
DA:11631,0
DA:11632,0
DA:11633,0
DA:11634,0
DA:11635,0
DA:11636,0
DA:11637,0
DA:11638,0
DA:11639,0
DA:11640,0
DA:11641,0
DA:11642,0
DA:11645,0
DA:11647,0
DA:11648,0
DA:11649,0
DA:11650,0
DA:11651,0
DA:11652,0
DA:11653,0
DA:11654,0
DA:11655,0
DA:11656,0
DA:11657,0
DA:11658,0
DA:11659,0
DA:11663,0
DA:11675,0
DA:11676,0
DA:11677,0
DA:11678,0
DA:11679,0
DA:11680,0
DA:11681,0
DA:11682,0
DA:11684,0
DA:11685,0
DA:11686,0
DA:11687,0
DA:11689,0
DA:11690,0
DA:11691,0
DA:11692,0
DA:11693,0
DA:11694,0
DA:11696,0
DA:11697,0
DA:11698,0
DA:11699,0
DA:11700,0
DA:11701,0
DA:11703,0
DA:11705,0
DA:11706,0
DA:11710,0
DA:11712,0
DA:11713,0
DA:11714,0
DA:11715,0
DA:11716,0
DA:11717,0
DA:11718,0
DA:11719,0
DA:11720,0
DA:11721,0
DA:11722,0
DA:11723,0
DA:11724,0
DA:11725,0
DA:11728,0
DA:11729,0
DA:11730,0
DA:11731,0
DA:11734,0
DA:11735,0
DA:11736,0
DA:11737,0
DA:11738,0
DA:11739,0
DA:11740,0
DA:11741,0
DA:11742,0
DA:11743,0
DA:11744,0
DA:11745,0
DA:11760,0
DA:11773,0
DA:11785,0
DA:11786,0
DA:11787,0
DA:11788,0
DA:11789,0
DA:11802,0
DA:11803,0
DA:11804,0
DA:11805,0
DA:11806,0
DA:11807,0
DA:11808,0
DA:11809,0
DA:11810,0
DA:11811,0
DA:11812,0
DA:11813,0
DA:11817,0
DA:11829,0
DA:11830,0
DA:11831,0
DA:11832,0
DA:11833,0
DA:11834,0
DA:11835,0
DA:11836,0
DA:11837,0
DA:11838,0
DA:11839,0
DA:11840,0
DA:11844,0
DA:11846,0
DA:11847,0
DA:11848,0
DA:11850,0
DA:11851,0
DA:11853,0
DA:11854,0
DA:11856,0
DA:11857,0
DA:11859,0
DA:11860,0
DA:11862,0
DA:11863,0
DA:11865,0
DA:11866,0
DA:11868,0
DA:11869,0
DA:11871,0
DA:11872,0
DA:11874,0
DA:11875,0
DA:11877,0
DA:11878,0
DA:11883,0
DA:11885,0
DA:11886,0
DA:11887,0
DA:11888,0
DA:11889,0
DA:11890,0
DA:11891,0
DA:11892,0
DA:11893,0
DA:11894,0
DA:11895,0
DA:11896,0
DA:11897,0
DA:11898,0
DA:11907,0
DA:11967,0
DA:11968,0
DA:11969,0
DA:11970,0
DA:11971,0
DA:11972,0
DA:11973,0
DA:11974,0
DA:11975,0
DA:11976,0
DA:11978,0
DA:11979,0
DA:11980,0
DA:11983,0
DA:11986,0
DA:11987,0
DA:11988,0
DA:11989,0
DA:11991,0
DA:11992,0
DA:11993,0
DA:11995,0
DA:11997,0
DA:11998,0
DA:11999,0
DA:12001,0
DA:12003,0
DA:12004,0
DA:12005,0
DA:12007,0
DA:12008,0
DA:12009,0
DA:12011,0
DA:12012,0
DA:12014,0
DA:12015,0
DA:12017,0
DA:12018,0
DA:12020,0
DA:12021,0
DA:12023,0
DA:12024,0
DA:12025,0
DA:12030,0
DA:12031,0
DA:12032,0
DA:12034,0
DA:12035,0
DA:12036,0
DA:12037,0
DA:12038,0
DA:12039,0
DA:12040,0
DA:12041,0
DA:12042,0
DA:12043,0
DA:12044,0
DA:12045,0
DA:12046,0
DA:12047,0
DA:12048,0
DA:12049,0
DA:12050,0
DA:12051,0
DA:12055,0
DA:12057,0
DA:12070,0
DA:12079,0
DA:12081,0
DA:12082,0
DA:12083,0
DA:12084,0
DA:12085,0
DA:12086,0
DA:12087,0
DA:12088,0
DA:12090,0
DA:12091,0
DA:12093,0
DA:12097,0
DA:12098,0
DA:12099,0
DA:12100,0
DA:12101,0
DA:12102,0
DA:12103,0
DA:12104,0
DA:12106,0
DA:12107,0
DA:12109,0
DA:12110,0
DA:12114,0
DA:12116,0
DA:12117,0
DA:12118,0
DA:12119,0
DA:12120,0
DA:12121,0
DA:12122,0
DA:12123,0
DA:12124,0
DA:12125,0
DA:12128,0
DA:12130,0
DA:12131,0
DA:12132,0
DA:12133,0
DA:12134,0
DA:12135,0
DA:12136,0
DA:12137,0
DA:12138,0
DA:12139,0
DA:12143,0
DA:12152,0
DA:12153,0
DA:12154,0
DA:12155,0
DA:12156,0
DA:12157,0
DA:12159,0
DA:12161,0
DA:12162,0
DA:12164,0
DA:12165,0
DA:12166,0
DA:12167,0
DA:12168,0
DA:12169,0
DA:12170,0
DA:12171,0
DA:12172,0
DA:12173,0
DA:12174,0
DA:12175,0
DA:12176,0
DA:12177,0
DA:12181,0
DA:12183,0
DA:12184,0
DA:12185,0
DA:12186,0
DA:12187,0
DA:12188,0
DA:12189,0
DA:12190,0
DA:12191,0
DA:12192,0
DA:12193,0
DA:12196,0
DA:12197,0
DA:12198,0
DA:12199,0
DA:12202,0
DA:12203,0
DA:12204,0
DA:12205,0
DA:12206,0
DA:12207,0
DA:12208,0
DA:12209,0
DA:12210,0
DA:12222,0
DA:12232,0
DA:12241,0
DA:12242,0
DA:12243,0
DA:12253,0
DA:12254,0
DA:12255,0
DA:12256,0
DA:12257,0
DA:12258,0
DA:12259,0
DA:12260,0
DA:12261,0
DA:12265,0
DA:12274,0
DA:12275,0
DA:12276,0
DA:12277,0
DA:12278,0
DA:12279,0
DA:12280,0
DA:12281,0
DA:12282,0
DA:12286,0
DA:12288,0
DA:12289,0
DA:12290,0
DA:12292,0
DA:12293,0
DA:12295,0
DA:12296,0
DA:12298,0
DA:12299,0
DA:12301,0
DA:12302,0
DA:12304,0
DA:12305,0
DA:12307,0
DA:12308,0
DA:12310,0
DA:12311,0
DA:12316,0
DA:12318,0
DA:12319,0
DA:12320,0
DA:12321,0
DA:12322,0
DA:12323,0
DA:12324,0
DA:12325,0
DA:12326,0
DA:12327,0
DA:12328,0
DA:12337,0
DA:12369,0
DA:12370,0
DA:12371,0
DA:12372,0
DA:12373,0
DA:12376,0
DA:12379,0
DA:12380,0
DA:12381,0
DA:12382,0
DA:12384,0
DA:12385,0
DA:12386,0
DA:12388,0
DA:12390,0
DA:12391,0
DA:12392,0
DA:12394,0
DA:12396,0
DA:12397,0
DA:12398,0
DA:12403,0
DA:12404,0
DA:12405,0
DA:12407,0
DA:12408,0
DA:12409,0
DA:12410,0
DA:12411,0
DA:12412,0
DA:12413,0
DA:12414,0
DA:12415,0
DA:12416,0
DA:12420,0
DA:12422,0
DA:12431,0
DA:12436,0
DA:12438,0
DA:12439,0
DA:12440,0
DA:12441,0
DA:12442,0
DA:12446,0
DA:12447,0
DA:12448,0
DA:12449,0
DA:12450,0
DA:12451,0
DA:12455,0
DA:12457,0
DA:12458,0
DA:12459,0
DA:12460,0
DA:12461,0
DA:12462,0
DA:12465,0
DA:12467,0
DA:12468,0
DA:12469,0
DA:12470,0
DA:12471,0
DA:12472,0
DA:12476,0
DA:12478,0
DA:12479,0
DA:12480,0
DA:12481,0
DA:12482,0
DA:12484,0
DA:12485,0
DA:12486,0
DA:12487,0
DA:12488,0
DA:12489,0
DA:12493,0
DA:12495,0
DA:12496,0
DA:12497,0
DA:12498,0
DA:12499,0
DA:12500,0
DA:12501,0
DA:12504,0
DA:12505,0
DA:12506,0
DA:12509,0
DA:12510,0
DA:12511,0
DA:12512,0
DA:12513,0
DA:12521,0
DA:12527,0
DA:12532,0
DA:12533,0
DA:12534,0
DA:12540,0
DA:12541,0
DA:12542,0
DA:12543,0
DA:12544,0
DA:12548,0
DA:12553,0
DA:12554,0
DA:12555,0
DA:12556,0
DA:12557,0
DA:12561,0
DA:12563,0
DA:12564,0
DA:12565,0
DA:12567,0
DA:12568,0
DA:12570,0
DA:12571,0
DA:12573,0
DA:12574,0
DA:12579,0
DA:12581,0
DA:12582,0
DA:12583,0
DA:12584,0
DA:12585,0
DA:12586,0
DA:12587,0
DA:12592,0
DA:12593,0
DA:12621,0
DA:12623,0
DA:12624,0
DA:12625,0
DA:12626,0
DA:12627,0
DA:12628,0
DA:12629,0
DA:12630,0
DA:12631,0
DA:12632,0
DA:12633,0
DA:12634,0
DA:12635,0
DA:12636,0
DA:12637,0
DA:12638,0
DA:12639,0
DA:12640,0
DA:12641,0
DA:12642,0
DA:12643,0
DA:12644,0
DA:12645,0
DA:12646,0
DA:12647,0
DA:12648,0
DA:12649,0
DA:12651,0
DA:12887,0
DA:12889,0
DA:12891,0
DA:12892,0
DA:12894,0
DA:12895,0
DA:12896,0
DA:12898,0
DA:12899,0
DA:12900,0
DA:12906,0
DA:12913,0
DA:12914,0
DA:12916,0
DA:12917,0
DA:12919,0
DA:12920,0
DA:12922,0
DA:12923,0
DA:12924,0
DA:12926,0
DA:12927,0
DA:12928,0
DA:12930,0
DA:12931,0
DA:12932,0
DA:12934,0
DA:12935,0
DA:12936,0
DA:12938,0
DA:12939,0
DA:12940,0
DA:12942,0
DA:12943,0
DA:12945,0
DA:12946,0
DA:12948,0
DA:12949,0
DA:12951,0
DA:12952,0
DA:12954,0
DA:12955,0
DA:12957,0
DA:12959,0
DA:12961,0
DA:12962,0
DA:12963,0
DA:12964,0
DA:12967,0
DA:12968,0
DA:12969,0
DA:12975,0
DA:12981,0
DA:12988,0
DA:12989,0
DA:12991,0
DA:12992,0
DA:12994,0
DA:12995,0
DA:12997,0
DA:12998,0
DA:12999,0
DA:13001,0
DA:13002,0
DA:13003,0
DA:13005,0
DA:13006,0
DA:13007,0
DA:13009,0
DA:13010,0
DA:13011,0
DA:13013,0
DA:13014,0
DA:13015,0
DA:13017,0
DA:13018,0
DA:13020,0
DA:13021,0
DA:13023,0
DA:13024,0
DA:13026,0
DA:13027,0
DA:13029,0
DA:13030,0
DA:13035,0
DA:13042,0
DA:13043,0
DA:13045,0
DA:13046,0
DA:13048,0
DA:13049,0
DA:13051,0
DA:13052,0
DA:13054,0
DA:13055,0
DA:13057,0
DA:13058,0
DA:13060,0
DA:13061,0
DA:13063,0
DA:13064,0
DA:13066,0
DA:13067,0
DA:13069,0
DA:13070,0
DA:13072,0
DA:13073,0
DA:13075,0
DA:13076,0
DA:13078,0
DA:13079,0
DA:13081,0
DA:13083,0
DA:13085,0
DA:13086,0
DA:13087,0
DA:13088,0
DA:13091,0
DA:13092,0
DA:13093,0
DA:13099,0
DA:13115,0
DA:13116,0
DA:13119,0
DA:13120,0
DA:13121,0
DA:13122,0
DA:13123,0
DA:13124,0
DA:13125,0
DA:13140,0
DA:13155,0
DA:13170,0
DA:13185,0
DA:13186,0
DA:13187,0
DA:13188,0
DA:13189,0
DA:13190,0
DA:13192,0
DA:13194,0
DA:13195,0
DA:13197,0
DA:13200,0
DA:13201,0
DA:13202,0
DA:13204,0
DA:13205,0
DA:13251,0
DA:13253,0
DA:13255,0
DA:13256,0
DA:13258,0
DA:13259,0
DA:13260,0
DA:13262,0
DA:13263,0
DA:13264,0
DA:13267,0
DA:13268,0
DA:13269,0
DA:13270,0
DA:13272,0
DA:13273,0
DA:13274,0
DA:13276,0
DA:13277,0
DA:13278,0
DA:13281,0
DA:13282,0
DA:13283,0
DA:13285,0
DA:13287,0
DA:13288,0
DA:13289,0
DA:13291,0
DA:13292,0
DA:13293,0
DA:13298,0
DA:13305,0
DA:13306,0
DA:13308,0
DA:13309,0
DA:13311,0
DA:13312,0
DA:13314,0
DA:13315,0
DA:13317,0
DA:13318,0
DA:13320,0
DA:13321,0
DA:13323,0
DA:13324,0
DA:13326,0
DA:13327,0
DA:13329,0
DA:13330,0
DA:13332,0
DA:13334,0
DA:13336,0
DA:13337,0
DA:13338,0
DA:13339,0
DA:13342,0
DA:13343,0
DA:13344,0
DA:13350,0
DA:13353,0
DA:13355,0
DA:13357,0
DA:13358,0
DA:13359,0
DA:13360,0
DA:13363,0
DA:13364,0
DA:13365,0
DA:13371,0
DA:13374,0
DA:13376,0
DA:13378,0
DA:13379,0
DA:13380,0
DA:13381,0
DA:13384,0
DA:13385,0
DA:13386,0
DA:13392,0
DA:13398,0
DA:13405,0
DA:13406,0
DA:13408,0
DA:13409,0
DA:13411,0
DA:13412,0
DA:13414,0
DA:13415,0
DA:13417,0
DA:13418,0
DA:13419,0
DA:13421,0
DA:13422,0
DA:13424,0
DA:13425,0
DA:13427,0
DA:13428,0
DA:13430,0
DA:13431,0
DA:13436,0
DA:13443,0
DA:13444,0
DA:13446,0
DA:13447,0
DA:13449,0
DA:13450,0
DA:13452,0
DA:13453,0
DA:13455,0
DA:13456,0
DA:13458,0
DA:13459,0
DA:13461,0
DA:13462,0
DA:13464,0
DA:13465,0
DA:13467,0
DA:13468,0
DA:13470,0
DA:13472,0
DA:13474,0
DA:13475,0
DA:13476,0
DA:13477,0
DA:13480,0
DA:13481,0
DA:13482,0
DA:13488,0
DA:13491,0
DA:13493,0
DA:13495,0
DA:13496,0
DA:13497,0
DA:13498,0
DA:13501,0
DA:13502,0
DA:13503,0
DA:13509,0
DA:13512,0
DA:13514,0
DA:13516,0
DA:13517,0
DA:13518,0
DA:13519,0
DA:13522,0
DA:13523,0
DA:13524,0
DA:13530,0
DA:13547,0
DA:13548,0
DA:13551,0
DA:13552,0
DA:13553,0
DA:13554,0
DA:13555,0
DA:13556,0
DA:13557,0
DA:13568,0
DA:13579,0
DA:13590,0
DA:13601,0
DA:13602,0
DA:13603,0
DA:13604,0
DA:13605,0
DA:13609,0
DA:13611,0
DA:13612,0
DA:13613,0
DA:13614,0
DA:13617,0
DA:13618,0
DA:13620,0
DA:13623,0
DA:13624,0
DA:13625,0
DA:13627,0
DA:13628,0
DA:13631,0
DA:13634,0
DA:13635,0
DA:13636,0
DA:13637,0
DA:13639,0
DA:13642,0
DA:13645,0
DA:13646,0
DA:13647,0
DA:13648,0
DA:13650,0
DA:13651,0
DA:13696,0
DA:13698,0
DA:13699,0
DA:13700,0
DA:13701,0
DA:13703,0
DA:13704,0
DA:13705,0
DA:13707,0
DA:13708,0
DA:13709,0
DA:13712,0
DA:13714,0
DA:13715,0
DA:13717,0
DA:13718,0
DA:13719,0
DA:13721,0
DA:13722,0
DA:13723,0
DA:13726,0
DA:13728,0
DA:13729,0
DA:13731,0
DA:13732,0
DA:13733,0
DA:13735,0
DA:13736,0
DA:13737,0
DA:13742,0
DA:13749,0
DA:13750,0
DA:13752,0
DA:13753,0
DA:13755,0
DA:13756,0
DA:13758,0
DA:13759,0
DA:13761,0
DA:13762,0
DA:13763,0
DA:13765,0
DA:13766,0
DA:13768,0
DA:13769,0
DA:13771,0
DA:13772,0
DA:13774,0
DA:13776,0
DA:13778,0
DA:13779,0
DA:13780,0
DA:13781,0
DA:13784,0
DA:13785,0
DA:13786,0
DA:13792,0
DA:13795,0
DA:13797,0
DA:13799,0
DA:13800,0
DA:13801,0
DA:13802,0
DA:13805,0
DA:13806,0
DA:13807,0
DA:13813,0
DA:13816,0
DA:13818,0
DA:13820,0
DA:13821,0
DA:13822,0
DA:13823,0
DA:13826,0
DA:13827,0
DA:13828,0
DA:13834,0
DA:13840,0
DA:13847,0
DA:13848,0
DA:13850,0
DA:13851,0
DA:13853,0
DA:13854,0
DA:13856,0
DA:13857,0
DA:13859,0
DA:13860,0
DA:13861,0
DA:13863,0
DA:13864,0
DA:13866,0
DA:13867,0
DA:13869,0
DA:13870,0
DA:13875,0
DA:13882,0
DA:13883,0
DA:13885,0
DA:13886,0
DA:13888,0
DA:13889,0
DA:13891,0
DA:13892,0
DA:13894,0
DA:13895,0
DA:13897,0
DA:13898,0
DA:13900,0
DA:13901,0
DA:13903,0
DA:13904,0
DA:13906,0
DA:13908,0
DA:13910,0
DA:13911,0
DA:13912,0
DA:13913,0
DA:13916,0
DA:13917,0
DA:13918,0
DA:13924,0
DA:13927,0
DA:13929,0
DA:13931,0
DA:13932,0
DA:13933,0
DA:13934,0
DA:13937,0
DA:13938,0
DA:13939,0
DA:13945,0
DA:13948,0
DA:13950,0
DA:13952,0
DA:13953,0
DA:13954,0
DA:13955,0
DA:13958,0
DA:13959,0
DA:13960,0
DA:13966,0
DA:13983,0
DA:13984,0
DA:13987,0
DA:13988,0
DA:13989,0
DA:13990,0
DA:13991,0
DA:13992,0
DA:13993,0
DA:14003,0
DA:14013,0
DA:14023,0
DA:14033,0
DA:14034,0
DA:14035,0
DA:14036,0
DA:14037,0
DA:14039,0
DA:14041,0
DA:14042,0
DA:14043,0
DA:14044,0
DA:14047,0
DA:14048,0
DA:14050,0
DA:14053,0
DA:14054,0
DA:14055,0
DA:14056,0
DA:14057,0
DA:14059,0
DA:14062,0
DA:14065,0
DA:14066,0
DA:14067,0
DA:14068,0
DA:14070,0
DA:14073,0
DA:14076,0
DA:14077,0
DA:14078,0
DA:14079,0
DA:14081,0
DA:14126,0
DA:14128,0
DA:14129,0
DA:14131,0
DA:14132,0
DA:14134,0
DA:14135,0
DA:14136,0
DA:14138,0
DA:14139,0
DA:14142,0
DA:14144,0
DA:14146,0
DA:14148,0
DA:14149,0
DA:14150,0
DA:14152,0
DA:14153,0
DA:14154,0
DA:14160,0
DA:14167,0
DA:14168,0
DA:14170,0
DA:14171,0
DA:14173,0
DA:14174,0
DA:14176,0
DA:14177,0
DA:14179,0
DA:14180,0
DA:14182,0
DA:14183,0
DA:14185,0
DA:14186,0
DA:14188,0
DA:14189,0
DA:14191,0
DA:14192,0
DA:14193,0
DA:14194,0
DA:14197,0
DA:14198,0
DA:14199,0
DA:14208,0
DA:14210,0
DA:14212,0
DA:14213,0
DA:14214,0
DA:14215,0
DA:14218,0
DA:14219,0
DA:14220,0
DA:14226,0
DA:14232,0
DA:14239,0
DA:14240,0
DA:14242,0
DA:14243,0
DA:14245,0
DA:14246,0
DA:14248,0
DA:14249,0
DA:14251,0
DA:14252,0
DA:14254,0
DA:14255,0
DA:14257,0
DA:14258,0
DA:14260,0
DA:14261,0
DA:14263,0
DA:14264,0
DA:14265,0
DA:14266,0
DA:14269,0
DA:14270,0
DA:14271,0
DA:14283,0
DA:14290,0
DA:14291,0
DA:14293,0
DA:14294,0
DA:14296,0
DA:14297,0
DA:14299,0
DA:14300,0
DA:14302,0
DA:14303,0
DA:14305,0
DA:14306,0
DA:14308,0
DA:14309,0
DA:14311,0
DA:14312,0
DA:14314,0
DA:14315,0
DA:14316,0
DA:14317,0
DA:14320,0
DA:14321,0
DA:14322,0
DA:14331,0
DA:14333,0
DA:14335,0
DA:14336,0
DA:14337,0
DA:14338,0
DA:14341,0
DA:14342,0
DA:14343,0
DA:14349,0
DA:14365,0
DA:14366,0
DA:14369,0
DA:14370,0
DA:14371,0
DA:14372,0
DA:14373,0
DA:14374,0
DA:14375,0
DA:14385,0
DA:14395,0
DA:14405,0
DA:14415,0
DA:14416,0
DA:14417,0
DA:14418,0
DA:14420,0
DA:14421,0
DA:14422,0
DA:14424,0
DA:14437,0
DA:14439,0
DA:14441,0
DA:14443,0
DA:14445,0
DA:14451,0
DA:14452,0
DA:14454,0
DA:14458,0
DA:14459,0
DA:14460,0
DA:14461,0
DA:14463,0
DA:14464,0
DA:14528,0
DA:14530,0
DA:14531,0
DA:14533,0
DA:14534,0
DA:14536,0
DA:14537,0
DA:14538,0
DA:14540,0
DA:14541,0
DA:14544,0
DA:14545,0
DA:14547,0
DA:14548,0
DA:14550,0
DA:14551,0
DA:14552,0
DA:14554,0
DA:14555,0
DA:14558,0
DA:14559,0
DA:14560,0
DA:14562,0
DA:14563,0
DA:14565,0
DA:14566,0
DA:14567,0
DA:14569,0
DA:14570,0
DA:14573,0
DA:14575,0
DA:14576,0
DA:14578,0
DA:14579,0
DA:14580,0
DA:14582,0
DA:14583,0
DA:14584,0
DA:14587,0
DA:14589,0
DA:14590,0
DA:14592,0
DA:14593,0
DA:14594,0
DA:14596,0
DA:14597,0
DA:14598,0
DA:14601,0
DA:14602,0
DA:14603,0
DA:14604,0
DA:14606,0
DA:14607,0
DA:14608,0
DA:14610,0
DA:14611,0
DA:14612,0
DA:14615,0
DA:14616,0
DA:14617,0
DA:14618,0
DA:14620,0
DA:14621,0
DA:14622,0
DA:14624,0
DA:14625,0
DA:14626,0
DA:14629,0
DA:14631,0
DA:14633,0
DA:14635,0
DA:14636,0
DA:14637,0
DA:14639,0
DA:14640,0
DA:14641,0
DA:14644,0
DA:14646,0
DA:14647,0
DA:14648,0
DA:14650,0
DA:14652,0
DA:14653,0
DA:14656,0
DA:14657,0
DA:14658,0
DA:14661,0
DA:14663,0
DA:14664,0
DA:14665,0
DA:14667,0
DA:14668,0
DA:14669,0
DA:14671,0
DA:14672,0
DA:14673,0
DA:14676,0
DA:14678,0
DA:14679,0
DA:14680,0
DA:14682,0
DA:14683,0
DA:14684,0
DA:14687,0
DA:14688,0
DA:14689,0
DA:14692,0
DA:14694,0
DA:14695,0
DA:14697,0
DA:14698,0
DA:14699,0
DA:14701,0
DA:14702,0
DA:14703,0
DA:14706,0
DA:14707,0
DA:14708,0
DA:14709,0
DA:14711,0
DA:14712,0
DA:14713,0
DA:14715,0
DA:14716,0
DA:14717,0
DA:14720,0
DA:14721,0
DA:14722,0
DA:14723,0
DA:14725,0
DA:14726,0
DA:14727,0
DA:14729,0
DA:14730,0
DA:14731,0
DA:14734,0
DA:14735,0
DA:14736,0
DA:14737,0
DA:14739,0
DA:14740,0
DA:14741,0
DA:14743,0
DA:14744,0
DA:14745,0
DA:14750,0
DA:14757,0
DA:14758,0
DA:14760,0
DA:14761,0
DA:14763,0
DA:14764,0
DA:14766,0
DA:14767,0
DA:14769,0
DA:14770,0
DA:14772,0
DA:14773,0
DA:14775,0
DA:14776,0
DA:14778,0
DA:14779,0
DA:14780,0
DA:14782,0
DA:14783,0
DA:14784,0
DA:14786,0
DA:14787,0
DA:14788,0
DA:14790,0
DA:14791,0
DA:14793,0
DA:14794,0
DA:14796,0
DA:14797,0
DA:14799,0
DA:14800,0
DA:14802,0
DA:14803,0
DA:14805,0
DA:14806,0
DA:14808,0
DA:14809,0
DA:14810,0
DA:14811,0
DA:14814,0
DA:14815,0
DA:14816,0
DA:14825,0
DA:14826,0
DA:14828,0
DA:14829,0
DA:14830,0
DA:14831,0
DA:14834,0
DA:14835,0
DA:14836,0
DA:14845,0
DA:14846,0
DA:14848,0
DA:14849,0
DA:14850,0
DA:14851,0
DA:14854,0
DA:14855,0
DA:14856,0
DA:14865,0
DA:14867,0
DA:14869,0
DA:14870,0
DA:14871,0
DA:14872,0
DA:14875,0
DA:14876,0
DA:14877,0
DA:14883,0
DA:14886,0
DA:14888,0
DA:14890,0
DA:14891,0
DA:14892,0
DA:14893,0
DA:14896,0
DA:14897,0
DA:14898,0
DA:14904,0
DA:14907,0
DA:14909,0
DA:14911,0
DA:14912,0
DA:14913,0
DA:14914,0
DA:14917,0
DA:14918,0
DA:14919,0
DA:14925,0
DA:14928,0
DA:14930,0
DA:14932,0
DA:14933,0
DA:14934,0
DA:14935,0
DA:14938,0
DA:14939,0
DA:14940,0
DA:14946,0
DA:14949,0
DA:14951,0
DA:14953,0
DA:14954,0
DA:14955,0
DA:14956,0
DA:14959,0
DA:14960,0
DA:14961,0
DA:14967,0
DA:14970,0
DA:14972,0
DA:14974,0
DA:14975,0
DA:14976,0
DA:14977,0
DA:14980,0
DA:14981,0
DA:14982,0
DA:14988,0
DA:14991,0
DA:14993,0
DA:14995,0
DA:14996,0
DA:14997,0
DA:14998,0
DA:15001,0
DA:15002,0
DA:15003,0
DA:15009,0
DA:15012,0
DA:15014,0
DA:15016,0
DA:15017,0
DA:15018,0
DA:15019,0
DA:15022,0
DA:15023,0
DA:15024,0
DA:15030,0
DA:15033,0
DA:15035,0
DA:15037,0
DA:15038,0
DA:15039,0
DA:15040,0
DA:15043,0
DA:15044,0
DA:15045,0
DA:15051,0
DA:15054,0
DA:15056,0
DA:15058,0
DA:15059,0
DA:15060,0
DA:15061,0
DA:15064,0
DA:15065,0
DA:15066,0
DA:15072,0
DA:15075,0
DA:15077,0
DA:15079,0
DA:15080,0
DA:15081,0
DA:15082,0
DA:15085,0
DA:15086,0
DA:15087,0
DA:15093,0
DA:15096,0
DA:15098,0
DA:15100,0
DA:15101,0
DA:15102,0
DA:15103,0
DA:15106,0
DA:15107,0
DA:15108,0
DA:15114,0
DA:15120,0
DA:15127,0
DA:15128,0
DA:15130,0
DA:15131,0
DA:15133,0
DA:15134,0
DA:15136,0
DA:15137,0
DA:15139,0
DA:15140,0
DA:15142,0
DA:15143,0
DA:15145,0
DA:15146,0
DA:15148,0
DA:15149,0
DA:15150,0
DA:15152,0
DA:15153,0
DA:15154,0
DA:15156,0
DA:15157,0
DA:15158,0
DA:15160,0
DA:15161,0
DA:15163,0
DA:15164,0
DA:15166,0
DA:15167,0
DA:15169,0
DA:15170,0
DA:15172,0
DA:15173,0
DA:15175,0
DA:15176,0
DA:15178,0
DA:15179,0
DA:15180,0
DA:15181,0
DA:15184,0
DA:15185,0
DA:15186,0
DA:15195,0
DA:15196,0
DA:15198,0
DA:15199,0
DA:15200,0
DA:15201,0
DA:15204,0
DA:15205,0
DA:15206,0
DA:15215,0
DA:15216,0
DA:15218,0
DA:15219,0
DA:15220,0
DA:15221,0
DA:15224,0
DA:15225,0
DA:15226,0
DA:15238,0
DA:15245,0
DA:15246,0
DA:15248,0
DA:15249,0
DA:15251,0
DA:15252,0
DA:15254,0
DA:15255,0
DA:15257,0
DA:15258,0
DA:15260,0
DA:15261,0
DA:15263,0
DA:15264,0
DA:15266,0
DA:15267,0
DA:15269,0
DA:15270,0
DA:15272,0
DA:15273,0
DA:15275,0
DA:15276,0
DA:15278,0
DA:15279,0
DA:15281,0
DA:15282,0
DA:15284,0
DA:15285,0
DA:15287,0
DA:15288,0
DA:15290,0
DA:15291,0
DA:15293,0
DA:15294,0
DA:15295,0
DA:15296,0
DA:15299,0
DA:15300,0
DA:15301,0
DA:15310,0
DA:15311,0
DA:15313,0
DA:15314,0
DA:15315,0
DA:15316,0
DA:15319,0
DA:15320,0
DA:15321,0
DA:15330,0
DA:15331,0
DA:15333,0
DA:15334,0
DA:15335,0
DA:15336,0
DA:15339,0
DA:15340,0
DA:15341,0
DA:15350,0
DA:15352,0
DA:15354,0
DA:15355,0
DA:15356,0
DA:15357,0
DA:15360,0
DA:15361,0
DA:15362,0
DA:15368,0
DA:15371,0
DA:15373,0
DA:15375,0
DA:15376,0
DA:15377,0
DA:15378,0
DA:15381,0
DA:15382,0
DA:15383,0
DA:15389,0
DA:15392,0
DA:15394,0
DA:15396,0
DA:15397,0
DA:15398,0
DA:15399,0
DA:15402,0
DA:15403,0
DA:15404,0
DA:15410,0
DA:15413,0
DA:15415,0
DA:15417,0
DA:15418,0
DA:15419,0
DA:15420,0
DA:15423,0
DA:15424,0
DA:15425,0
DA:15431,0
DA:15434,0
DA:15436,0
DA:15438,0
DA:15439,0
DA:15440,0
DA:15441,0
DA:15444,0
DA:15445,0
DA:15446,0
DA:15452,0
DA:15455,0
DA:15458,0
DA:15460,0
DA:15461,0
DA:15462,0
DA:15463,0
DA:15466,0
DA:15467,0
DA:15468,0
DA:15474,0
DA:15477,0
DA:15479,0
DA:15481,0
DA:15482,0
DA:15483,0
DA:15484,0
DA:15487,0
DA:15488,0
DA:15489,0
DA:15495,0
DA:15498,0
DA:15500,0
DA:15502,0
DA:15503,0
DA:15504,0
DA:15505,0
DA:15508,0
DA:15509,0
DA:15510,0
DA:15516,0
DA:15519,0
DA:15521,0
DA:15523,0
DA:15524,0
DA:15525,0
DA:15526,0
DA:15529,0
DA:15530,0
DA:15531,0
DA:15537,0
DA:15540,0
DA:15542,0
DA:15544,0
DA:15545,0
DA:15546,0
DA:15547,0
DA:15550,0
DA:15551,0
DA:15552,0
DA:15558,0
DA:15561,0
DA:15563,0
DA:15565,0
DA:15566,0
DA:15567,0
DA:15568,0
DA:15571,0
DA:15572,0
DA:15573,0
DA:15579,0
DA:15582,0
DA:15584,0
DA:15586,0
DA:15587,0
DA:15588,0
DA:15589,0
DA:15592,0
DA:15593,0
DA:15594,0
DA:15600,0
DA:15631,0
DA:15632,0
DA:15635,0
DA:15636,0
DA:15637,0
DA:15638,0
DA:15639,0
DA:15640,0
DA:15641,0
DA:15661,0
DA:15681,0
DA:15701,0
DA:15721,0
DA:15722,0
DA:15723,0
DA:15724,0
DA:15725,0
DA:15741,0
DA:15743,0
DA:15744,0
DA:15745,0
DA:15746,0
DA:15747,0
DA:15748,0
DA:15749,0
DA:15750,0
DA:15751,0
DA:15752,0
DA:15753,0
DA:15754,0
DA:15755,0
DA:15769,0
DA:15771,0
DA:15773,0
DA:15774,0
DA:15776,0
DA:15780,0
DA:15782,0
DA:15783,0
DA:15785,0
DA:15789,0
DA:15791,0
DA:15793,0
DA:15795,0
DA:15801,0
DA:15802,0
DA:15804,0
DA:15807,0
DA:15808,0
DA:15809,0
DA:15810,0
DA:15812,0
DA:15815,0
DA:15818,0
DA:15819,0
DA:15820,0
DA:15821,0
DA:15823,0
DA:15826,0
DA:15829,0
DA:15830,0
DA:15831,0
DA:15832,0
DA:15833,0
DA:15835,0
DA:15838,0
DA:15841,0
DA:15842,0
DA:15843,0
DA:15844,0
DA:15845,0
[...]
DA:230,0
DA:231,0
DA:232,0
DA:233,0
DA:239,0
DA:240,0
DA:241,0
DA:246,0
DA:247,0
DA:248,0
DA:249,0
DA:254,0
DA:255,0
DA:256,0
DA:264,0
DA:270,0
DA:271,0
DA:272,0
LF:157
LH:0
end_of_record
SF:lib\screens\birds\bird_detail_screen.dart
DA:21,0
DA:23,0
DA:24,0
DA:30,0
DA:32,0
DA:33,0
DA:37,0
DA:39,0
DA:40,0
DA:41,0
DA:42,0
DA:43,0
DA:44,0
DA:45,0
DA:46,0
DA:47,0
DA:48,0
DA:49,0
DA:50,0
DA:51,0
DA:52,0
DA:56,0
DA:57,0
DA:60,0
DA:61,0
DA:66,0
DA:67,0
DA:68,0
DA:69,0
DA:70,0
DA:71,0
DA:74,0
DA:75,0
DA:76,0
DA:83,0
DA:84,0
DA:85,0
DA:86,0
DA:87,0
DA:90,0
DA:91,0
DA:94,0
DA:95,0
DA:96,0
DA:97,0
DA:98,0
DA:99,0
DA:101,0
DA:102,0
DA:105,0
DA:106,0
DA:107,0
DA:109,0
DA:110,0
DA:115,0
DA:117,0
DA:118,0
DA:120,0
DA:121,0
DA:122,0
DA:123,0
DA:124,0
DA:127,0
DA:132,0
DA:134,0
DA:136,0
DA:138,0
DA:139,0
DA:141,0
DA:142,0
DA:144,0
DA:145,0
DA:146,0
DA:147,0
DA:148,0
DA:152,0
DA:154,0
DA:156,0
DA:158,0
DA:159,0
DA:160,0
DA:161,0
DA:162,0
DA:163,0
DA:164,0
DA:166,0
DA:167,0
DA:168,0
DA:170,0
DA:173,0
DA:184,0
DA:185,0
DA:186,0
DA:187,0
DA:188,0
DA:194,0
DA:197,0
DA:198,0
DA:199,0
DA:200,0
DA:201,0
DA:202,0
DA:203,0
DA:208,0
DA:209,0
DA:210,0
DA:211,0
DA:212,0
DA:215,0
DA:216,0
DA:218,0
DA:232,0
DA:239,0
DA:240,0
DA:241,0
DA:242,0
DA:243,0
DA:244,0
DA:248,0
DA:251,0
DA:252,0
DA:253,0
DA:254,0
DA:255,0
DA:256,0
DA:266,0
DA:267,0
DA:268,0
DA:269,0
DA:270,0
DA:271,0
DA:272,0
DA:275,0
DA:277,0
DA:280,0
DA:281,0
DA:283,0
DA:284,0
DA:285,0
DA:286,0
DA:288,0
DA:296,0
DA:297,0
DA:298,0
DA:303,0
DA:304,0
DA:305,0
DA:306,0
DA:307,0
DA:308,0
DA:309,0
DA:312,0
DA:314,0
DA:317,0
DA:318,0
DA:320,0
DA:321,0
DA:322,0
DA:323,0
DA:325,0
DA:333,0
DA:334,0
DA:335,0
DA:336,0
DA:337,0
DA:338,0
DA:341,0
DA:343,0
DA:344,0
DA:345,0
DA:346,0
DA:348,0
DA:349,0
DA:352,0
DA:353,0
DA:354,0
DA:355,0
DA:356,0
DA:357,0
DA:359,0
DA:360,0
DA:361,0
DA:362,0
DA:368,0
DA:376,0
DA:377,0
DA:378,0
DA:379,0
DA:380,0
DA:381,0
DA:383,0
DA:384,0
DA:392,0
DA:393,0
DA:395,0
DA:397,0
DA:398,0
DA:399,0
DA:400,0
DA:401,0
DA:402,0
DA:403,0
DA:404,0
DA:410,0
DA:411,0
DA:412,0
DA:413,0
DA:414,0
DA:415,0
DA:418,0
DA:424,0
DA:425,0
DA:426,0
DA:429,0
DA:430,0
DA:431,0
DA:433,0
DA:434,0
DA:435,0
DA:436,0
DA:437,0
DA:438,0
DA:444,0
DA:447,0
DA:448,0
DA:449,0
DA:450,0
DA:452,0
DA:454,0
DA:455,0
DA:456,0
DA:463,0
DA:464,0
DA:465,0
DA:468,0
DA:469,0
DA:470,0
DA:472,0
DA:473,0
DA:474,0
DA:476,0
DA:477,0
DA:479,0
DA:480,0
DA:481,0
DA:482,0
DA:484,0
DA:485,0
DA:489,0
DA:491,0
DA:492,0
DA:493,0
DA:502,0
DA:503,0
DA:505,0
DA:506,0
DA:508,0
DA:523,0
DA:530,0
DA:531,0
DA:538,0
DA:540,0
DA:541,0
DA:544,0
DA:546,0
DA:547,0
DA:548,0
DA:552,0
DA:554,0
DA:555,0
DA:558,0
DA:560,0
DA:562,0
DA:564,0
DA:565,0
DA:567,0
DA:568,0
DA:570,0
DA:571,0
DA:573,0
DA:575,0
DA:576,0
DA:577,0
DA:578,0
DA:579,0
DA:580,0
DA:582,0
DA:584,0
DA:587,0
DA:588,0
DA:592,0
DA:593,0
DA:594,0
DA:595,0
DA:597,0
DA:599,0
DA:601,0
DA:602,0
DA:603,0
DA:604,0
DA:606,0
DA:607,0
DA:608,0
DA:609,0
DA:610,0
DA:611,0
DA:615,0
DA:616,0
DA:617,0
DA:618,0
DA:619,0
DA:621,0
DA:622,0
DA:623,0
DA:624,0
DA:625,0
DA:626,0
DA:630,0
DA:631,0
DA:632,0
DA:644,0
DA:645,0
DA:646,0
DA:647,0
DA:649,0
DA:654,0
DA:657,0
DA:658,0
DA:659,0
DA:665,0
DA:667,0
DA:668,0
DA:669,0
DA:671,0
DA:672,0
DA:673,0
DA:676,0
DA:677,0
DA:678,0
DA:679,0
DA:680,0
DA:683,0
DA:684,0
DA:685,0
DA:686,0
DA:688,0
DA:689,0
DA:692,0
DA:694,0
DA:695,0
DA:696,0
DA:697,0
DA:699,0
DA:706,0
DA:707,0
DA:709,0
DA:710,0
DA:713,0
DA:715,0
DA:716,0
DA:717,0
DA:718,0
DA:720,0
DA:738,0
DA:740,0
DA:742,0
DA:743,0
DA:745,0
DA:746,0
DA:747,0
DA:748,0
DA:749,0
DA:750,0
DA:751,0
DA:755,0
DA:756,0
DA:771,0
DA:773,0
DA:775,0
DA:776,0
DA:777,0
DA:781,0
DA:782,0
DA:783,0
DA:784,0
DA:788,0
DA:789,0
DA:794,0
DA:795,0
DA:797,0
DA:800,0
DA:801,0
DA:804,0
DA:807,0
DA:808,0
DA:809,0
DA:811,0
DA:812,0
DA:814,0
DA:822,0
DA:823,0
DA:825,0
DA:827,0
DA:828,0
DA:829,0
DA:830,0
DA:831,0
DA:832,0
DA:833,0
DA:835,0
DA:837,0
DA:838,0
DA:840,0
DA:844,0
DA:845,0
DA:846,0
DA:847,0
DA:848,0
DA:849,0
DA:850,0
DA:851,0
DA:853,0
DA:855,0
DA:857,0
DA:858,0
DA:860,0
DA:862,0
DA:864,0
DA:874,0
DA:875,0
DA:876,0
DA:877,0
DA:879,0
DA:881,0
DA:891,0
DA:892,0
DA:893,0
DA:894,0
DA:895,0
DA:896,0
DA:897,0
DA:898,0
DA:900,0
DA:901,0
DA:902,0
DA:907,0
DA:917,0
DA:918,0
DA:920,0
DA:921,0
DA:924,0
DA:926,0
DA:930,0
DA:931,0
DA:933,0
DA:937,0
DA:938,0
DA:940,0
DA:944,0
DA:945,0
DA:965,0
DA:972,0
DA:974,0
DA:975,0
DA:977,0
DA:979,0
DA:981,0
DA:982,0
DA:983,0
DA:986,0
DA:987,0
DA:988,0
DA:990,0
DA:993,0
DA:994,0
DA:996,0
DA:997,0
DA:999,0
DA:1009,0
DA:1010,0
DA:1011,0
DA:1013,0
DA:1014,0
DA:1017,0
DA:1020,0
DA:1023,0
DA:1024,0
DA:1029,0
DA:1030,0
DA:1036,0
DA:1038,0
DA:1040,0
DA:1042,0
DA:1044,0
DA:1054,0
DA:1056,0
DA:1058,0
DA:1059,0
DA:1060,0
DA:1061,0
DA:1062,0
DA:1063,0
DA:1065,0
DA:1068,0
DA:1069,0
DA:1071,0
DA:1073,0
DA:1075,0
DA:1076,0
DA:1079,0
DA:1080,0
DA:1081,0
DA:1082,0
DA:1086,0
DA:1087,0
DA:1088,0
DA:1089,0
DA:1090,0
DA:1092,0
DA:1093,0
DA:1094,0
DA:1095,0
DA:1096,0
DA:1097,0
DA:1098,0
DA:1099,0
DA:1100,0
DA:1102,0
DA:1103,0
DA:1104,0
DA:1105,0
DA:1106,0
DA:1107,0
DA:1108,0
DA:1109,0
DA:1114,0
DA:1116,0
DA:1118,0
DA:1119,0
DA:1120,0
DA:1121,0
DA:1122,0
DA:1123,0
DA:1124,0
DA:1125,0
DA:1126,0
DA:1127,0
DA:1128,0
DA:1129,0
DA:1152,0
DA:1154,0
DA:1156,0
DA:1157,0
DA:1158,0
DA:1159,0
DA:1160,0
DA:1161,0
DA:1162,0
DA:1163,0
DA:1164,0
DA:1165,0
DA:1166,0
DA:1167,0
DA:1168,0
DA:1169,0
DA:1170,0
DA:1172,0
DA:1173,0
DA:1174,0
DA:1178,0
DA:1180,0
DA:1187,0
DA:1189,0
DA:1191,0
DA:1192,0
DA:1193,0
DA:1194,0
DA:1196,0
DA:1197,0
DA:1198,0
DA:1199,0
DA:1200,0
DA:1201,0
DA:1202,0
DA:1206,0
DA:1208,0
DA:1217,0
DA:1219,0
DA:1220,0
DA:1229,0
DA:1231,0
DA:1232,0
DA:1233,0
DA:1234,0
DA:1238,0
DA:1239,0
DA:1240,0
DA:1241,0
DA:1242,0
DA:1243,0
DA:1244,0
DA:1246,0
DA:1248,0
DA:1249,0
DA:1250,0
DA:1251,0
DA:1252,0
DA:1253,0
DA:1254,0
DA:1257,0
DA:1258,0
DA:1259,0
DA:1260,0
DA:1264,0
DA:1266,0
DA:1267,0
DA:1268,0
DA:1270,0
DA:1271,0
DA:1272,0
DA:1273,0
DA:1278,0
DA:1280,0
DA:1282,0
DA:1283,0
DA:1285,0
DA:1288,0
DA:1289,0
DA:1290,0
DA:1291,0
DA:1293,0
DA:1294,0
DA:1296,0
DA:1297,0
DA:1298,0
DA:1301,0
DA:1305,0
DA:1306,0
DA:1316,0
DA:1318,0
DA:1319,0
DA:1320,0
DA:1327,0
DA:1328,0
DA:1329,0
DA:1330,0
DA:1332,0
DA:1333,0
DA:1334,0
DA:1336,0
DA:1341,0
DA:1342,0
DA:1350,0
DA:1352,0
DA:1353,0
DA:1361,0
DA:1363,0
DA:1364,0
DA:1365,0
DA:1366,0
DA:1369,0
DA:1371,0
DA:1372,0
DA:1375,0
DA:1377,0
DA:1379,0
DA:1381,0
DA:1382,0
DA:1383,0
DA:1388,0
DA:1389,0
DA:1392,0
DA:1394,0
DA:1395,0
DA:1396,0
DA:1397,0
DA:1399,0
DA:1404,0
DA:1405,0
DA:1406,0
DA:1407,0
DA:1408,0
DA:1409,0
DA:1410,0
DA:1411,0
LF:685
LH:0
end_of_record
SF:lib\utils\uuid.dart
DA:7,0
DA:10,0
LF:2
LH:0
end_of_record
SF:lib\repositories\enclosure_repository.dart
DA:10,0
DA:14,0
DA:15,0
DA:16,0
DA:17,0
DA:18,0
DA:20,0
DA:21,0
DA:23,0
DA:24,0
DA:25,0
DA:26,0
DA:27,0
DA:28,0
DA:32,0
DA:33,0
DA:34,0
DA:35,0
DA:38,0
DA:39,0
DA:40,0
DA:41,0
DA:42,0
DA:43,0
DA:50,0
DA:51,0
DA:58,0
DA:60,0
DA:61,0
DA:62,0
DA:63,0
DA:64,0
DA:65,0
DA:66,0
DA:67,0
DA:68,0
DA:69,0
DA:70,0
DA:71,0
DA:74,0
DA:75,0
DA:81,0
DA:82,0
DA:83,0
DA:84,0
DA:85,0
DA:86,0
DA:87,0
DA:90,0
DA:91,0
DA:92,0
DA:95,0
DA:96,0
DA:99,0
DA:101,0
DA:102,0
DA:103,0
DA:105,0
DA:106,0
DA:108,0
DA:111,0
DA:113,0
DA:114,0
DA:115,0
DA:116,0
DA:117,0
DA:118,0
DA:119,0
DA:120,0
DA:125,0
DA:126,0
LF:71
LH:0
end_of_record
SF:lib\repositories\room_repository.dart
DA:7,0
DA:8,0
DA:10,0
DA:11,0
DA:13,0
DA:14,0
DA:16,0
DA:17,0
DA:19,0
DA:20,0
DA:21,0
DA:22,0
DA:23,0
DA:24,0
DA:25,0
DA:27,0
DA:28,0
DA:29,0
DA:30,0
DA:32,0
DA:33,0
DA:36,0
DA:38,0
DA:39,0
DA:40,0
DA:41,0
DA:42,0
DA:43,0
DA:45,0
DA:48,0
DA:49,0
DA:51,0
DA:52,0
DA:53,0
LF:34
LH:0
end_of_record
SF:lib\repositories\species_repository.dart
DA:7,0
DA:8,0
DA:10,0
DA:11,0
DA:13,0
DA:14,0
DA:17,0
DA:18,0
DA:19,0
DA:20,0
DA:21,0
DA:22,0
DA:25,0
DA:26,0
DA:29,0
DA:30,0
DA:31,0
DA:35,0
DA:45,0
DA:47,0
DA:58,0
DA:61,0
DA:62,0
DA:63,0
DA:64,0
DA:65,0
DA:66,0
DA:67,0
DA:68,0
DA:69,0
DA:71,0
DA:74,0
DA:85,0
DA:86,0
DA:88,0
DA:89,0
DA:90,0
DA:91,0
DA:92,0
DA:93,0
DA:94,0
DA:95,0
DA:96,0
DA:98,0
DA:99,0
DA:102,0
DA:111,0
DA:112,0
DA:113,0
DA:114,0
DA:115,0
DA:116,0
DA:117,0
DA:118,0
DA:119,0
DA:120,0
DA:121,0
DA:123,0
DA:126,0
DA:127,0
LF:60
LH:0
end_of_record
SF:lib\repositories\task_repository.dart
DA:11,0
DA:12,0
DA:13,0
DA:14,0
DA:16,0
DA:17,0
DA:18,0
DA:19,0
DA:20,0
DA:21,0
DA:22,0
DA:23,0
DA:24,0
DA:26,0
DA:27,0
DA:28,0
DA:31,0
DA:32,0
DA:35,0
DA:36,0
DA:37,0
DA:38,0
DA:39,0
DA:40,0
DA:41,0
DA:42,0
DA:45,0
DA:46,0
DA:48,0
DA:49,0
DA:51,0
DA:52,0
DA:53,0
DA:54,0
DA:55,0
DA:56,0
DA:58,0
DA:61,0
DA:62,0
DA:63,0
DA:64,0
DA:66,0
DA:67,0
DA:69,0
DA:70,0
DA:71,0
DA:72,0
DA:73,0
DA:74,0
DA:75,0
DA:77,0
DA:80,0
DA:81,0
DA:82,0
DA:84,0
DA:85,0
DA:86,0
DA:96,0
DA:107,0
DA:108,0
DA:110,0
DA:111,0
DA:112,0
DA:113,0
DA:114,0
DA:115,0
DA:116,0
DA:117,0
DA:118,0
DA:119,0
DA:120,0
DA:126,0
DA:128,0
DA:132,0
DA:133,0
DA:134,0
DA:135,0
DA:136,0
DA:137,0
DA:138,0
DA:139,0
DA:140,0
DA:141,0
DA:144,0
DA:151,0
DA:152,0
DA:153,0
DA:154,0
DA:157,0
DA:158,0
DA:159,0
DA:160,0
DA:162,0
DA:163,0
DA:164,0
DA:165,0
DA:167,0
DA:168,0
DA:180,0
DA:182,0
DA:188,0
DA:189,0
DA:190,0
DA:193,0
DA:194,0
DA:195,0
DA:198,0
DA:199,0
DA:202,0
DA:205,0
DA:206,0
DA:207,0
DA:214,0
DA:215,0
DA:216,0
DA:217,0
DA:220,0
DA:221,0
DA:222,0
DA:225,0
DA:226,0
DA:227,0
DA:228,0
DA:229,0
DA:230,0
DA:231,0
DA:237,0
DA:239,0
DA:240,0
DA:241,0
DA:242,0
DA:243,0
DA:244,0
DA:245,0
DA:246,0
DA:251,0
DA:252,0
DA:253,0
DA:254,0
DA:255,0
DA:256,0
DA:257,0
DA:258,0
DA:260,0
DA:261,0
DA:263,0
DA:264,0
DA:265,0
DA:267,0
DA:271,0
DA:272,0
DA:278,0
DA:280,0
DA:281,0
DA:282,0
DA:284,0
DA:286,0
DA:290,0
DA:291,0
DA:296,0
DA:299,0
DA:300,0
DA:301,0
DA:304,0
DA:305,0
DA:306,0
DA:307,0
DA:308,0
DA:309,0
DA:310,0
DA:311,0
DA:313,0
DA:314,0
DA:315,0
DA:317,0
DA:318,0
DA:319,0
DA:322,0
DA:326,0
DA:341,0
DA:342,0
DA:343,0
DA:344,0
DA:347,0
DA:348,0
DA:349,0
DA:350,0
DA:351,0
DA:353,0
DA:354,0
DA:357,0
DA:359,0
DA:360,0
DA:362,0
DA:364,0
DA:366,0
DA:367,0
DA:370,0
DA:373,0
DA:374,0
DA:375,0
DA:378,0
DA:379,0
DA:380,0
DA:381,0
DA:382,0
DA:383,0
DA:384,0
DA:385,0
DA:387,0
DA:388,0
DA:389,0
DA:391,0
DA:392,0
DA:395,0
DA:399,0
DA:403,0
DA:404,0
DA:415,0
LF:219
LH:0
end_of_record
SF:lib\repositories\weight_repository.dart
DA:7,0
DA:8,0
DA:9,0
DA:10,0
DA:11,0
DA:14,0
DA:19,0
DA:20,0
DA:21,0
DA:22,0
DA:23,0
DA:24,0
DA:25,0
DA:32,0
DA:37,0
DA:38,0
DA:39,0
DA:40,0
DA:41,0
DA:42,0
DA:43,0
DA:44,0
DA:45,0
DA:47,0
DA:48,0
DA:49,0
DA:50,0
DA:55,0
DA:56,0
DA:57,0
DA:58,0
DA:59,0
DA:60,0
DA:62,0
DA:73,0
DA:74,0
DA:75,0
DA:76,0
DA:78,0
DA:79,0
DA:80,0
DA:81,0
DA:82,0
DA:83,0
DA:86,0
DA:87,0
DA:88,0
DA:89,0
DA:90,0
DA:91,0
DA:92,0
DA:93,0
DA:96,0
DA:97,0
DA:99,0
DA:100,0
DA:104,0
DA:105,0
DA:106,0
DA:107,0
DA:108,0
DA:110,0
DA:111,0
DA:112,0
DA:113,0
DA:118,0
DA:119,0
DA:120,0
DA:121,0
DA:122,0
DA:123,0
DA:124,0
DA:125,0
DA:126,0
DA:127,0
DA:131,0
DA:132,0
DA:133,0
DA:134,0
DA:135,0
DA:136,0
DA:138,0
DA:139,0
DA:140,0
DA:141,0
DA:150,0
DA:151,0
DA:152,0
DA:153,0
DA:154,0
DA:155,0
DA:156,0
DA:157,0
DA:158,0
DA:159,0
DA:160,0
DA:161,0
DA:162,0
DA:163,0
DA:164,0
DA:170,0
DA:171,0
DA:173,0
DA:174,0
DA:176,0
DA:177,0
DA:179,0
DA:185,0
DA:186,0
DA:187,0
DA:188,0
DA:189,0
DA:190,0
DA:191,0
DA:196,0
DA:197,0
LF:116
LH:0
end_of_record
SF:lib\plugins\gallery\gallery_storage_service.dart
DA:12,0
DA:13,0
DA:14,0
DA:19,0
DA:20,0
DA:21,0
DA:22,0
DA:26,0
DA:27,0
DA:28,0
DA:33,0
DA:35,0
DA:37,0
DA:38,0
DA:41,0
DA:42,0
DA:43,0
DA:50,0
DA:51,0
DA:52,0
DA:53,0
DA:54,0
DA:55,0
DA:56,0
DA:60,0
DA:61,0
DA:62,0
DA:63,0
DA:70,0
DA:71,0
DA:72,0
DA:73,0
DA:74,0
DA:75,0
DA:76,0
DA:77,0
DA:78,0
DA:79,0
DA:84,0
DA:85,0
DA:86,0
DA:87,0
DA:88,0
DA:89,0
DA:90,0
DA:91,0
DA:92,0
DA:93,0
DA:97,0
DA:98,0
DA:99,0
DA:100,0
DA:102,0
DA:103,0
DA:106,0
DA:107,0
DA:112,0
DA:113,0
DA:114,0
DA:115,0
DA:122,0
DA:124,0
DA:125,0
DA:134,0
DA:135,0
DA:136,0
DA:141,0
DA:146,0
DA:148,0
DA:149,0
DA:158,0
DA:159,0
DA:160,0
DA:164,0
DA:169,0
DA:171,0
DA:176,0
DA:178,0
DA:179,0
DA:180,0
DA:184,0
LF:81
LH:0
end_of_record
SF:lib\plugins\gallery\screens\avatar_crop_screen.dart
DA:16,0
DA:18,0
DA:19,0
DA:26,0
DA:28,0
DA:29,0
DA:32,0
DA:34,0
DA:35,0
DA:37,0
DA:39,0
DA:43,0
DA:44,0
DA:45,0
DA:50,0
DA:51,0
DA:53,0
DA:55,0
DA:56,0
DA:57,0
DA:58,0
DA:61,0
DA:62,0
DA:63,0
DA:64,0
DA:67,0
DA:68,0
DA:75,0
DA:76,0
DA:77,0
DA:78,0
DA:102,0
DA:104,0
DA:109,0
DA:110,0
DA:114,0
DA:115,0
DA:125,0
DA:126,0
DA:127,0
DA:128,0
DA:130,0
DA:131,0
DA:134,0
DA:135,0
DA:136,0
LF:46
LH:0
end_of_record
SF:lib\plugins\gallery\widgets\avatar_picker.dart
DA:14,0
DA:18,0
DA:19,0
DA:20,0
DA:24,0
DA:25,0
DA:26,0
DA:29,0
DA:31,0
DA:32,0
DA:34,0
DA:40,0
DA:44,0
DA:46,0
DA:47,0
DA:50,0
DA:52,0
DA:56,0
DA:59,0
DA:66,0
DA:69,0
DA:70,0
DA:71,0
DA:72,0
DA:73,0
DA:75,0
DA:83,0
DA:89,0
DA:90,0
DA:97,0
DA:98,0
DA:99,0
DA:100,0
DA:106,0
DA:107,0
DA:110,0
DA:113,0
DA:114,0
DA:115,0
DA:116,0
DA:117,0
DA:118,0
DA:119,0
DA:120,0
DA:125,0
DA:134,0
DA:135,0
DA:140,0
DA:146,0
DA:147,0
DA:148,0
DA:149,0
DA:150,0
DA:151,0
DA:154,0
DA:164,0
DA:165,0
DA:166,0
DA:167,0
DA:169,0
DA:173,0
DA:174,0
DA:177,0
DA:178,0
LF:64
LH:0
end_of_record
SF:lib\plugins\medication\drug_library_repository.dart
DA:18,0
DA:30,0
DA:31,0
DA:32,0
DA:34,0
DA:35,0
DA:36,0
DA:37,0
DA:38,0
DA:39,0
DA:40,0
DA:41,0
DA:42,0
DA:47,0
DA:58,0
DA:59,0
DA:60,0
DA:61,0
DA:62,0
DA:63,0
DA:64,0
DA:65,0
DA:66,0
DA:67,0
DA:68,0
DA:70,0
DA:73,0
DA:74,0
DA:76,0
DA:77,0
DA:78,0
DA:79,0
DA:80,0
DA:81,0
DA:84,0
DA:85,0
DA:87,0
DA:89,0
DA:96,0
DA:103,0
DA:104,0
DA:107,0
DA:108,0
DA:109,0
DA:110,0
DA:115,0
DA:116,0
DA:117,0
DA:118,0
DA:119,0
DA:121,0
DA:128,0
DA:129,0
DA:130,0
DA:131,0
DA:132,0
DA:133,0
DA:137,0
DA:138,0
DA:142,0
DA:143,0
DA:144,0
DA:145,0
DA:146,0
DA:148,0
DA:149,0
DA:150,0
DA:151,0
DA:161,0
DA:165,0
DA:166,0
DA:167,0
DA:169,0
DA:170,0
DA:171,0
DA:176,0
DA:181,0
DA:182,0
DA:183,0
DA:184,0
DA:185,0
DA:187,0
DA:190,0
DA:191,0
DA:193,0
DA:194,0
DA:195,0
DA:196,0
DA:197,0
DA:198,0
DA:201,0
DA:202,0
DA:204,0
DA:205,0
DA:212,0
DA:222,0
DA:223,0
DA:226,0
DA:230,0
DA:231,0
DA:232,0
DA:233,0
DA:238,0
DA:246,0
DA:247,0
DA:248,0
DA:249,0
DA:250,0
DA:251,0
DA:252,0
DA:253,0
DA:255,0
DA:259,0
DA:260,0
DA:261,0
DA:262,0
DA:264,0
DA:265,0
DA:266,0
DA:267,0
DA:268,0
DA:269,0
DA:270,0
DA:271,0
DA:273,0
DA:274,0
DA:276,0
DA:280,0
DA:281,0
DA:282,0
DA:283,0
DA:284,0
DA:286,0
DA:287,0
DA:288,0
DA:289,0
DA:290,0
DA:291,0
DA:292,0
DA:293,0
DA:295,0
DA:296,0
DA:297,0
DA:299,0
DA:304,0
DA:306,0
DA:307,0
DA:308,0
DA:310,0
DA:311,0
DA:312,0
DA:313,0
DA:314,0
DA:315,0
DA:316,0
DA:317,0
DA:318,0
DA:323,0
DA:324,0
DA:325,0
DA:327,0
DA:328,0
DA:329,0
DA:330,0
DA:331,0
DA:332,0
DA:333,0
DA:334,0
DA:344,0
DA:345,0
DA:346,0
DA:347,0
DA:349,0
DA:350,0
DA:351,0
DA:352,0
DA:353,0
DA:354,0
DA:355,0
DA:357,0
DA:358,0
DA:360,0
DA:363,0
DA:364,0
DA:371,0
DA:377,0
DA:379,0
DA:383,0
DA:384,0
DA:385,0
DA:387,0
DA:391,0
DA:392,0
DA:394,0
DA:395,0
DA:396,0
DA:397,0
DA:398,0
DA:400,0
DA:401,0
DA:404,0
DA:406,0
DA:407,0
DA:414,0
DA:415,0
DA:416,0
DA:418,0
DA:421,0
DA:423,0
DA:424,0
DA:425,0
DA:426,0
DA:427,0
DA:428,0
DA:429,0
DA:430,0
DA:438,0
DA:446,0
DA:448,0
DA:451,0
DA:452,0
DA:453,0
DA:455,0
DA:458,0
DA:459,0
DA:461,0
DA:463,0
DA:464,0
DA:465,0
DA:477,0
DA:486,0
DA:487,0
DA:490,0
DA:492,0
DA:493,0
DA:494,0
DA:495,0
DA:500,0
DA:501,0
DA:502,0
DA:503,0
DA:504,0
DA:506,0
DA:507,0
DA:508,0
DA:509,0
DA:510,0
DA:516,0
DA:524,0
DA:525,0
DA:529,0
DA:530,0
DA:531,0
DA:533,0
DA:538,0
DA:539,0
DA:540,0
DA:541,0
DA:542,0
DA:544,0
DA:545,0
DA:546,0
DA:547,0
DA:548,0
DA:550,0
DA:551,0
DA:552,0
DA:553,0
DA:561,0
DA:567,0
DA:568,0
DA:572,0
DA:573,0
DA:578,0
DA:579,0
DA:580,0
DA:586,0
DA:599,0
DA:600,0
DA:601,0
DA:602,0
DA:607,0
DA:609,0
DA:610,0
DA:612,0
DA:613,0
DA:614,0
DA:615,0
DA:621,0
DA:622,0
DA:623,0
DA:624,0
DA:625,0
DA:626,0
DA:628,0
DA:629,0
DA:630,0
DA:631,0
DA:632,0
DA:633,0
DA:634,0
DA:635,0
DA:636,0
DA:637,0
DA:639,0
DA:640,0
DA:641,0
DA:642,0
DA:645,0
DA:648,0
DA:649,0
DA:650,0
DA:652,0
DA:653,0
DA:654,0
DA:668,0
DA:683,0
DA:691,0
DA:693,0
DA:711,0
DA:727,0
DA:729,0
DA:730,0
DA:731,0
DA:732,0
DA:733,0
DA:745,0
DA:754,0
LF:328
LH:0
end_of_record
SF:lib\plugins\medication\dose_math.dart
DA:10,0
DA:11,0
DA:12,0
DA:20,0
DA:21,0
DA:22,0
DA:28,0
LF:7
LH:0
end_of_record
SF:lib\services\work_hours_config.dart
DA:21,4
DA:27,0
DA:28,0
DA:29,0
DA:30,0
DA:34,0
DA:35,0
DA:36,0
DA:37,0
DA:38,0
DA:40,0
DA:44,0
DA:45,0
DA:46,0
DA:47,0
DA:48,0
DA:50,0
DA:51,0
DA:52,0
DA:53,0
DA:54,0
DA:58,0
DA:59,0
DA:62,0
DA:63,0
DA:64,0
DA:66,0
DA:68,0
DA:73,0
DA:74,0
DA:77,0
DA:78,0
DA:82,0
DA:83,0
DA:84,0
DA:85,0
DA:86,0
DA:92,0
DA:94,0
DA:95,0
DA:96,0
DA:97,0
DA:98,0
DA:101,0
DA:108,0
DA:109,0
DA:110,0
DA:111,0
DA:112,0
DA:113,0
DA:116,0
DA:117,0
DA:118,0
DA:119,0
LF:54
LH:1
end_of_record
SF:lib\repositories\user_repository.dart
DA:7,0
DA:9,0
DA:10,0
DA:12,0
DA:13,0
DA:15,0
DA:17,0
DA:18,0
DA:22,0
DA:23,0
DA:24,0
DA:26,0
DA:27,0
DA:30,0
DA:31,0
DA:32,0
DA:33,0
DA:34,0
DA:35,0
DA:36,0
DA:38,0
DA:41,0
DA:42,0
LF:23
LH:0
end_of_record
SF:lib\services\alert_service.dart
DA:17,0
DA:24,0
DA:29,0
DA:34,0
DA:35,0
DA:40,0
DA:41,0
DA:43,0
DA:47,0
DA:49,0
DA:50,0
DA:52,0
DA:53,0
DA:54,0
DA:55,0
DA:58,0
DA:60,0
DA:61,0
DA:62,0
DA:63,0
DA:68,0
DA:86,0
DA:87,0
DA:88,0
DA:89,0
DA:90,0
DA:92,0
DA:93,0
DA:94,0
DA:95,0
DA:99,0
DA:100,0
DA:101,0
DA:102,0
DA:104,0
DA:108,0
DA:109,0
DA:111,0
DA:113,0
DA:115,0
DA:116,0
DA:117,0
DA:118,0
DA:119,0
DA:120,0
DA:122,0
DA:123,0
DA:125,0
DA:126,0
DA:131,0
DA:132,0
DA:139,0
DA:140,0
DA:141,0
DA:142,0
DA:143,0
DA:144,0
DA:145,0
DA:146,0
DA:147,0
DA:149,0
DA:150,0
DA:152,0
DA:153,0
DA:158,0
DA:159,0
DA:160,0
DA:166,0
DA:167,0
DA:168,0
DA:173,0
DA:174,0
DA:175,0
DA:176,0
DA:177,0
DA:178,0
DA:179,0
DA:183,0
DA:184,0
DA:185,0
DA:186,0
DA:187,0
DA:188,0
DA:190,0
DA:191,0
DA:192,0
DA:193,0
DA:197,0
DA:199,0
DA:200,0
DA:201,0
DA:202,0
DA:203,0
DA:205,0
DA:207,0
DA:208,0
DA:209,0
DA:210,0
DA:217,0
DA:218,0
DA:219,0
DA:220,0
DA:221,0
DA:222,0
DA:224,0
DA:225,0
DA:226,0
DA:227,0
DA:231,0
DA:233,0
DA:234,0
DA:235,0
DA:236,0
DA:237,0
DA:239,0
DA:240,0
DA:242,0
DA:243,0
DA:244,0
DA:245,0
DA:247,0
DA:248,0
DA:255,0
DA:256,0
DA:257,0
DA:258,0
DA:259,0
DA:260,0
DA:261,0
DA:262,0
DA:263,0
DA:272,0
LF:132
LH:0
end_of_record
SF:lib\screens\worker\worker_screen.dart
DA:15,4
DA:17,0
DA:24,0
DA:25,0
DA:29,0
DA:36,0
DA:37,0
DA:38,0
DA:39,0
DA:40,0
DA:41,0
DA:43,0
DA:45,0
DA:49,0
DA:50,0
DA:51,0
DA:52,0
DA:53,0
DA:54,0
DA:55,0
DA:58,0
DA:59,0
DA:60,0
DA:61,0
DA:62,0
DA:63,0
DA:64,0
DA:68,0
DA:69,0
DA:73,0
DA:74,0
DA:75,0
DA:79,0
DA:80,0
DA:81,0
DA:82,0
LF:36
LH:1
end_of_record
SF:lib\theme\theme_notifier.dart
DA:9,0
DA:10,0
DA:13,0
DA:14,0
DA:15,0
DA:16,0
DA:17,0
DA:18,0
DA:19,0
DA:24,0
DA:25,0
DA:26,0
DA:27,0
LF:13
LH:0
end_of_record
SF:lib\providers\premium_provider.dart
DA:9,0
DA:10,0
DA:11,0
DA:13,0
DA:16,0
DA:19,0
DA:20,0
DA:24,0
DA:25,0
DA:29,0
DA:30,0
DA:31,0
DA:35,0
DA:36,0
DA:37,0
DA:42,0
DA:43,0
DA:44,0
LF:18
LH:0
end_of_record
SF:lib\services\license_service.dart
DA:25,0
DA:26,0
DA:27,0
DA:32,0
DA:35,0
DA:37,0
DA:41,0
DA:43,0
DA:44,0
DA:46,0
DA:52,0
DA:54,0
DA:58,0
DA:59,0
DA:62,0
DA:63,0
DA:64,0
DA:65,0
DA:66,0
DA:75,0
DA:76,0
DA:80,0
DA:81,0
DA:82,0
DA:83,0
DA:84,0
DA:85,0
DA:89,0
DA:90,0
DA:91,0
DA:98,0
DA:101,0
DA:102,0
DA:103,0
DA:104,0
DA:105,0
DA:106,0
DA:109,0
DA:110,0
DA:111,0
DA:112,0
DA:115,0
DA:116,0
DA:119,0
DA:120,0
DA:121,0
DA:122,0
DA:124,0
DA:125,0
DA:132,0
DA:133,0
DA:134,0
DA:135,0
DA:136,0
DA:139,0
DA:140,0
DA:143,0
DA:144,0
DA:145,0
DA:146,0
DA:151,0
DA:153,0
DA:154,0
DA:155,0
DA:159,0
DA:160,0
DA:165,0
DA:178,0
DA:179,0
DA:180,0
LF:70
LH:0
end_of_record
SF:lib\services\notification_service.dart
DA:11,0
DA:13,0
DA:14,0
DA:24,0
DA:25,0
DA:35,0
DA:37,0
DA:41,0
DA:44,0
DA:52,0
DA:61,0
DA:64,0
DA:68,0
DA:77,0
DA:80,0
DA:82,0
DA:83,0
DA:84,0
DA:86,0
DA:87,0
DA:89,0
DA:93,0
DA:94,0
DA:111,0
DA:112,0
DA:114,0
DA:115,0
DA:118,0
DA:119,0
DA:120,0
DA:122,0
DA:123,0
DA:124,0
DA:125,0
DA:140,0
DA:141,0
DA:142,0
DA:143,0
DA:144,0
DA:145,0
DA:147,0
DA:149,0
DA:150,0
DA:166,0
DA:167,0
LF:45
LH:0
end_of_record
